{
  "uid" : "7469add078d487e1",
  "name" : "Search for existing project test",
  "fullName" : "tests.test_workspaces.TestWorkspaces#test_search_project",
  "historyId" : "7721eab640df221dfbcb45b0cd0d7b59",
  "time" : {
    "start" : 1604703953485,
    "stop" : 1604703969231,
    "duration" : 15746
  },
  "description" : "Search for an existing project",
  "descriptionHtml" : "<p>Search for an existing project</p>\n",
  "status" : "broken",
  "statusMessage" : "selenium.common.exceptions.TimeoutException: Message:",
  "statusTrace" : "self = <tests.test_workspaces.TestWorkspaces object at 0x7f7464e41790>\nprep_properties = <utils.config_parser.ConfigParserIni object at 0x7f7467cb0c70>\nabout_page = <pages.about_page.AboutPage object at 0x7f746549f070>\nlogin_page = <pages.login_page.LoginPage object at 0x7f7467cb0af0>\nprojects_page = <pages.projects_page.ProjectsPage object at 0x7f7467cb0b20>\n\n    @allure.description(\"Search for an existing project\")\n    @allure.title(\"Search for existing project test\")\n    @pytest.mark.run(order=6)\n    def test_search_project(self,  prep_properties, about_page, login_page, projects_page):\n        login(prep_properties, about_page, login_page)\n        json_reader = JsonParser(self._DATA_FILE_NAME)\n        projects_page.search_project(json_reader.read_from_json()[\"project_name\"])\n>       assert_that(projects_page.is_project_found(json_reader.read_from_json()[\"project_name\"])).is_true()\n\ntests/test_workspaces.py:89: \n_ _ _ _ _ _ _ _ _ _ _ _ _ _ _ _ _ _ _ _ _ _ _ _ _ _ _ _ _ _ _ _ _ _ _ _ _ _ _ _ \npages/projects_page.py:157: in is_project_found\n    projects_titles = self._wait.until(\n_ _ _ _ _ _ _ _ _ _ _ _ _ _ _ _ _ _ _ _ _ _ _ _ _ _ _ _ _ _ _ _ _ _ _ _ _ _ _ _ \n\nself = <selenium.webdriver.support.wait.WebDriverWait (session=\"f101b7d508ef29013a2727b2be7af613\")>\nmethod = <selenium.webdriver.support.expected_conditions.visibility_of_all_elements_located object at 0x7f7467cb00d0>\nmessage = ''\n\n    def until(self, method, message=''):\n        \"\"\"Calls the method provided with the driver as an argument until the \\\n        return value is not False.\"\"\"\n        screen = None\n        stacktrace = None\n    \n        end_time = time.time() + self._timeout\n        while True:\n            try:\n                value = method(self._driver)\n                if value:\n                    return value\n            except self._ignored_exceptions as exc:\n                screen = getattr(exc, 'screen', None)\n                stacktrace = getattr(exc, 'stacktrace', None)\n            time.sleep(self._poll)\n            if time.time() > end_time:\n                break\n>       raise TimeoutException(message, screen, stacktrace)\nE       selenium.common.exceptions.TimeoutException: Message:\n\n/opt/hostedtoolcache/Python/3.9.0/x64/lib/python3.9/site-packages/selenium/webdriver/support/wait.py:80: TimeoutException",
  "flaky" : false,
  "newFailed" : false,
  "beforeStages" : [ {
    "name" : "prep_properties",
    "time" : {
      "start" : 1604703845098,
      "stop" : 1604703845099,
      "duration" : 1
    },
    "status" : "passed",
    "steps" : [ ],
    "attachments" : [ ],
    "parameters" : [ ],
    "stepsCount" : 0,
    "attachmentsCount" : 0,
    "shouldDisplayMessage" : false,
    "hasContent" : false
  }, {
    "name" : "about_page",
    "time" : {
      "start" : 1604703953484,
      "stop" : 1604703953484,
      "duration" : 0
    },
    "status" : "passed",
    "steps" : [ ],
    "attachments" : [ ],
    "parameters" : [ ],
    "stepsCount" : 0,
    "attachmentsCount" : 0,
    "shouldDisplayMessage" : false,
    "hasContent" : false
  }, {
    "name" : "login_page",
    "time" : {
      "start" : 1604703953484,
      "stop" : 1604703953484,
      "duration" : 0
    },
    "status" : "passed",
    "steps" : [ ],
    "attachments" : [ ],
    "parameters" : [ ],
    "stepsCount" : 0,
    "attachmentsCount" : 0,
    "shouldDisplayMessage" : false,
    "hasContent" : false
  }, {
    "name" : "create_driver",
    "time" : {
      "start" : 1604703950929,
      "stop" : 1604703953484,
      "duration" : 2555
    },
    "status" : "passed",
    "steps" : [ ],
    "attachments" : [ ],
    "parameters" : [ ],
    "stepsCount" : 0,
    "attachmentsCount" : 0,
    "shouldDisplayMessage" : false,
    "hasContent" : false
  }, {
    "name" : "projects_page",
    "time" : {
      "start" : 1604703953484,
      "stop" : 1604703953484,
      "duration" : 0
    },
    "status" : "passed",
    "steps" : [ ],
    "attachments" : [ ],
    "parameters" : [ ],
    "stepsCount" : 0,
    "attachmentsCount" : 0,
    "shouldDisplayMessage" : false,
    "hasContent" : false
  } ],
  "testStage" : {
    "description" : "Search for an existing project",
    "status" : "broken",
    "statusMessage" : "selenium.common.exceptions.TimeoutException: Message:",
    "statusTrace" : "self = <tests.test_workspaces.TestWorkspaces object at 0x7f7464e41790>\nprep_properties = <utils.config_parser.ConfigParserIni object at 0x7f7467cb0c70>\nabout_page = <pages.about_page.AboutPage object at 0x7f746549f070>\nlogin_page = <pages.login_page.LoginPage object at 0x7f7467cb0af0>\nprojects_page = <pages.projects_page.ProjectsPage object at 0x7f7467cb0b20>\n\n    @allure.description(\"Search for an existing project\")\n    @allure.title(\"Search for existing project test\")\n    @pytest.mark.run(order=6)\n    def test_search_project(self,  prep_properties, about_page, login_page, projects_page):\n        login(prep_properties, about_page, login_page)\n        json_reader = JsonParser(self._DATA_FILE_NAME)\n        projects_page.search_project(json_reader.read_from_json()[\"project_name\"])\n>       assert_that(projects_page.is_project_found(json_reader.read_from_json()[\"project_name\"])).is_true()\n\ntests/test_workspaces.py:89: \n_ _ _ _ _ _ _ _ _ _ _ _ _ _ _ _ _ _ _ _ _ _ _ _ _ _ _ _ _ _ _ _ _ _ _ _ _ _ _ _ \npages/projects_page.py:157: in is_project_found\n    projects_titles = self._wait.until(\n_ _ _ _ _ _ _ _ _ _ _ _ _ _ _ _ _ _ _ _ _ _ _ _ _ _ _ _ _ _ _ _ _ _ _ _ _ _ _ _ \n\nself = <selenium.webdriver.support.wait.WebDriverWait (session=\"f101b7d508ef29013a2727b2be7af613\")>\nmethod = <selenium.webdriver.support.expected_conditions.visibility_of_all_elements_located object at 0x7f7467cb00d0>\nmessage = ''\n\n    def until(self, method, message=''):\n        \"\"\"Calls the method provided with the driver as an argument until the \\\n        return value is not False.\"\"\"\n        screen = None\n        stacktrace = None\n    \n        end_time = time.time() + self._timeout\n        while True:\n            try:\n                value = method(self._driver)\n                if value:\n                    return value\n            except self._ignored_exceptions as exc:\n                screen = getattr(exc, 'screen', None)\n                stacktrace = getattr(exc, 'stacktrace', None)\n            time.sleep(self._poll)\n            if time.time() > end_time:\n                break\n>       raise TimeoutException(message, screen, stacktrace)\nE       selenium.common.exceptions.TimeoutException: Message:\n\n/opt/hostedtoolcache/Python/3.9.0/x64/lib/python3.9/site-packages/selenium/webdriver/support/wait.py:80: TimeoutException",
    "steps" : [ {
      "name" : "Click Login link",
      "time" : {
        "start" : 1604703953485,
        "stop" : 1604703954186,
        "duration" : 701
      },
      "status" : "passed",
      "steps" : [ ],
      "attachments" : [ ],
      "parameters" : [ ],
      "stepsCount" : 0,
      "attachmentsCount" : 0,
      "shouldDisplayMessage" : false,
      "hasContent" : false
    }, {
      "name" : "Log in with username: 'eshorrosh@gmail.com' and password: 'El123456789'",
      "time" : {
        "start" : 1604703954186,
        "stop" : 1604703957066,
        "duration" : 2880
      },
      "status" : "passed",
      "steps" : [ ],
      "attachments" : [ ],
      "parameters" : [ {
        "name" : "username",
        "value" : "'eshorrosh@gmail.com'"
      }, {
        "name" : "password",
        "value" : "'El123456789'"
      } ],
      "stepsCount" : 0,
      "attachmentsCount" : 0,
      "shouldDisplayMessage" : false,
      "hasContent" : true
    }, {
      "name" : "Search for project 'test project'",
      "time" : {
        "start" : 1604703957067,
        "stop" : 1604703958151,
        "duration" : 1084
      },
      "status" : "passed",
      "steps" : [ ],
      "attachments" : [ ],
      "parameters" : [ {
        "name" : "project_name",
        "value" : "'test project'"
      } ],
      "stepsCount" : 0,
      "attachmentsCount" : 0,
      "shouldDisplayMessage" : false,
      "hasContent" : true
    }, {
      "name" : "Check if 'test project' is present",
      "time" : {
        "start" : 1604703958152,
        "stop" : 1604703969230,
        "duration" : 11078
      },
      "status" : "broken",
      "statusMessage" : "selenium.common.exceptions.TimeoutException: Message: \n\n",
      "statusTrace" : "  File \"/opt/hostedtoolcache/Python/3.9.0/x64/lib/python3.9/site-packages/allure_commons/_allure.py\", line 157, in impl\n    return func(*a, **kw)\n  File \"/home/runner/work/Selenium-Python-Example/Selenium-Python-Example/pages/projects_page.py\", line 157, in is_project_found\n    projects_titles = self._wait.until(\n  File \"/opt/hostedtoolcache/Python/3.9.0/x64/lib/python3.9/site-packages/selenium/webdriver/support/wait.py\", line 80, in until\n    raise TimeoutException(message, screen, stacktrace)\n",
      "steps" : [ ],
      "attachments" : [ ],
      "parameters" : [ {
        "name" : "project_name",
        "value" : "'test project'"
      } ],
      "stepsCount" : 0,
      "attachmentsCount" : 0,
      "shouldDisplayMessage" : true,
      "hasContent" : true
    } ],
    "attachments" : [ {
      "uid" : "7975583042ab90e2",
      "name" : "screenshot on failure: 06/11/2020, 23:06:09",
      "source" : "7975583042ab90e2.png",
      "type" : "image/png",
      "size" : 79605
    } ],
    "parameters" : [ ],
    "stepsCount" : 4,
    "attachmentsCount" : 1,
    "shouldDisplayMessage" : true,
    "hasContent" : true
  },
  "afterStages" : [ {
    "name" : "create_driver::0",
    "time" : {
      "start" : 1604703969548,
      "stop" : 1604703969600,
      "duration" : 52
    },
    "status" : "passed",
    "steps" : [ ],
    "attachments" : [ ],
    "parameters" : [ ],
    "stepsCount" : 0,
    "attachmentsCount" : 0,
    "shouldDisplayMessage" : false,
    "hasContent" : false
  } ],
  "labels" : [ {
    "name" : "severity",
    "value" : "normal"
  }, {
    "name" : "epic",
    "value" : "Workspaces"
  }, {
    "name" : "story",
    "value" : "WorkSpaces Creation and Editing Functionality"
  }, {
    "name" : "tag",
    "value" : "run(order=6)"
  }, {
    "name" : "tag",
    "value" : "@pytest.mark.usefixtures('create_driver')"
  }, {
    "name" : "parentSuite",
    "value" : "tests"
  }, {
    "name" : "suite",
    "value" : "test_workspaces"
  }, {
    "name" : "subSuite",
    "value" : "TestWorkspaces"
  }, {
    "name" : "host",
    "value" : "fv-az40-174"
  }, {
    "name" : "thread",
    "value" : "4638-MainThread"
  }, {
    "name" : "framework",
    "value" : "pytest"
  }, {
    "name" : "language",
    "value" : "cpython3"
  }, {
    "name" : "package",
    "value" : "tests.test_workspaces"
  }, {
    "name" : "resultFormat",
    "value" : "allure2"
  } ],
  "parameters" : [ ],
  "links" : [ ],
  "hidden" : false,
  "retry" : false,
  "extra" : {
    "severity" : "normal",
    "retries" : [ ],
    "categories" : [ {
      "name" : "Test defects",
      "matchedStatuses" : [ ],
      "flaky" : false
    } ],
    "tags" : [ "@pytest.mark.usefixtures('create_driver')", "run(order=6)" ]
  },
  "source" : "7469add078d487e1.json",
  "parameterValues" : [ ]
}