{
  "uid" : "ddecc9f6e74ed022",
  "name" : "Add new project to workspace test",
  "fullName" : "tests.test_workspaces.TestWorkspaces#test_add_project_to_workspace",
  "historyId" : "7ab24faf7085af05bc6b25523cc84337",
  "time" : {
    "start" : 1604615272050,
    "stop" : 1604615292805,
    "duration" : 20755
  },
  "description" : "Selecting and adding a project to workspace",
  "descriptionHtml" : "<p>Selecting and adding a project to workspace</p>\n",
  "status" : "broken",
  "statusMessage" : "selenium.common.exceptions.TimeoutException: Message:",
  "statusTrace" : "self = <tests.test_workspaces.TestWorkspaces object at 0x7f3cc3767d90>\ncreate_driver = <selenium.webdriver.remote.webdriver.WebDriver (session=\"aae65be069cd312374197df1d963cc1e\")>\nprep_properties = <utils.config_parser.ConfigParserIni object at 0x7f3cc6570e80>\n\n    @allure.description(\"Selecting and adding a project to workspace\")\n    @allure.title(\"Add new project to workspace test\")\n    @pytest.mark.run(order=5)\n    def test_add_project_to_workspace(self, create_driver, prep_properties):\n        login(prep_properties)\n        json_reader = JsonParser(self._DATA_FILE_NAME)\n        projects_page = ProjectsPage()\n        project_type_page = ProjectTypePage()\n        templates_page = TemplatesPage()\n        project_edit_page = ProjectEditPage()\n        before = projects_page.get_projects_number_in_page()\n        projects_page.create_new_project()\n        project_type_page.select_project(json_reader.read_from_json()[\"project_type\"])\n        templates_page.choose_template(json_reader.read_from_json()[\"template_type\"])\n>       project_edit_page.edit_project_prep(json_reader.read_from_json()[\"project_name\"],\n                                            json_reader.read_from_json()[\"final_slide\"])\n\ntests/test_workspaces.py:91: \n_ _ _ _ _ _ _ _ _ _ _ _ _ _ _ _ _ _ _ _ _ _ _ _ _ _ _ _ _ _ _ _ _ _ _ _ _ _ _ _ \npages/project_edit_page.py:32: in edit_project_prep\n    self.click(self._START_EDITING_BUTTON)\npages/base_page.py:18: in click\n    el = self._wait.until(expected_conditions.element_to_be_clickable(webelement))\n_ _ _ _ _ _ _ _ _ _ _ _ _ _ _ _ _ _ _ _ _ _ _ _ _ _ _ _ _ _ _ _ _ _ _ _ _ _ _ _ \n\nself = <selenium.webdriver.support.wait.WebDriverWait (session=\"aae65be069cd312374197df1d963cc1e\")>\nmethod = <selenium.webdriver.support.expected_conditions.element_to_be_clickable object at 0x7f3cc3760670>\nmessage = ''\n\n    def until(self, method, message=''):\n        \"\"\"Calls the method provided with the driver as an argument until the \\\n        return value is not False.\"\"\"\n        screen = None\n        stacktrace = None\n    \n        end_time = time.time() + self._timeout\n        while True:\n            try:\n                value = method(self._driver)\n                if value:\n                    return value\n            except self._ignored_exceptions as exc:\n                screen = getattr(exc, 'screen', None)\n                stacktrace = getattr(exc, 'stacktrace', None)\n            time.sleep(self._poll)\n            if time.time() > end_time:\n                break\n>       raise TimeoutException(message, screen, stacktrace)\nE       selenium.common.exceptions.TimeoutException: Message:\n\n/opt/hostedtoolcache/Python/3.9.0/x64/lib/python3.9/site-packages/selenium/webdriver/support/wait.py:80: TimeoutException",
  "flaky" : false,
  "newFailed" : false,
  "beforeStages" : [ {
    "name" : "prep_properties",
    "time" : {
      "start" : 1604615188960,
      "stop" : 1604615188961,
      "duration" : 1
    },
    "status" : "passed",
    "steps" : [ ],
    "attachments" : [ ],
    "parameters" : [ ],
    "stepsCount" : 0,
    "attachmentsCount" : 0,
    "shouldDisplayMessage" : false,
    "hasContent" : false
  }, {
    "name" : "create_driver",
    "time" : {
      "start" : 1604615269024,
      "stop" : 1604615272050,
      "duration" : 3026
    },
    "status" : "passed",
    "steps" : [ ],
    "attachments" : [ ],
    "parameters" : [ ],
    "stepsCount" : 0,
    "attachmentsCount" : 0,
    "shouldDisplayMessage" : false,
    "hasContent" : false
  } ],
  "testStage" : {
    "description" : "Selecting and adding a project to workspace",
    "status" : "broken",
    "statusMessage" : "selenium.common.exceptions.TimeoutException: Message:",
    "statusTrace" : "self = <tests.test_workspaces.TestWorkspaces object at 0x7f3cc3767d90>\ncreate_driver = <selenium.webdriver.remote.webdriver.WebDriver (session=\"aae65be069cd312374197df1d963cc1e\")>\nprep_properties = <utils.config_parser.ConfigParserIni object at 0x7f3cc6570e80>\n\n    @allure.description(\"Selecting and adding a project to workspace\")\n    @allure.title(\"Add new project to workspace test\")\n    @pytest.mark.run(order=5)\n    def test_add_project_to_workspace(self, create_driver, prep_properties):\n        login(prep_properties)\n        json_reader = JsonParser(self._DATA_FILE_NAME)\n        projects_page = ProjectsPage()\n        project_type_page = ProjectTypePage()\n        templates_page = TemplatesPage()\n        project_edit_page = ProjectEditPage()\n        before = projects_page.get_projects_number_in_page()\n        projects_page.create_new_project()\n        project_type_page.select_project(json_reader.read_from_json()[\"project_type\"])\n        templates_page.choose_template(json_reader.read_from_json()[\"template_type\"])\n>       project_edit_page.edit_project_prep(json_reader.read_from_json()[\"project_name\"],\n                                            json_reader.read_from_json()[\"final_slide\"])\n\ntests/test_workspaces.py:91: \n_ _ _ _ _ _ _ _ _ _ _ _ _ _ _ _ _ _ _ _ _ _ _ _ _ _ _ _ _ _ _ _ _ _ _ _ _ _ _ _ \npages/project_edit_page.py:32: in edit_project_prep\n    self.click(self._START_EDITING_BUTTON)\npages/base_page.py:18: in click\n    el = self._wait.until(expected_conditions.element_to_be_clickable(webelement))\n_ _ _ _ _ _ _ _ _ _ _ _ _ _ _ _ _ _ _ _ _ _ _ _ _ _ _ _ _ _ _ _ _ _ _ _ _ _ _ _ \n\nself = <selenium.webdriver.support.wait.WebDriverWait (session=\"aae65be069cd312374197df1d963cc1e\")>\nmethod = <selenium.webdriver.support.expected_conditions.element_to_be_clickable object at 0x7f3cc3760670>\nmessage = ''\n\n    def until(self, method, message=''):\n        \"\"\"Calls the method provided with the driver as an argument until the \\\n        return value is not False.\"\"\"\n        screen = None\n        stacktrace = None\n    \n        end_time = time.time() + self._timeout\n        while True:\n            try:\n                value = method(self._driver)\n                if value:\n                    return value\n            except self._ignored_exceptions as exc:\n                screen = getattr(exc, 'screen', None)\n                stacktrace = getattr(exc, 'stacktrace', None)\n            time.sleep(self._poll)\n            if time.time() > end_time:\n                break\n>       raise TimeoutException(message, screen, stacktrace)\nE       selenium.common.exceptions.TimeoutException: Message:\n\n/opt/hostedtoolcache/Python/3.9.0/x64/lib/python3.9/site-packages/selenium/webdriver/support/wait.py:80: TimeoutException",
    "steps" : [ {
      "name" : "Click Login link",
      "time" : {
        "start" : 1604615272051,
        "stop" : 1604615272558,
        "duration" : 507
      },
      "status" : "passed",
      "steps" : [ ],
      "attachments" : [ ],
      "parameters" : [ ],
      "stepsCount" : 0,
      "attachmentsCount" : 0,
      "shouldDisplayMessage" : false,
      "hasContent" : false
    }, {
      "name" : "Log in with username: 'eshorrosh@gmail.com' and password: 'El123456789'",
      "time" : {
        "start" : 1604615272558,
        "stop" : 1604615274855,
        "duration" : 2297
      },
      "status" : "passed",
      "steps" : [ ],
      "attachments" : [ ],
      "parameters" : [ {
        "name" : "username",
        "value" : "'eshorrosh@gmail.com'"
      }, {
        "name" : "password",
        "value" : "'El123456789'"
      } ],
      "stepsCount" : 0,
      "attachmentsCount" : 0,
      "shouldDisplayMessage" : false,
      "hasContent" : true
    }, {
      "name" : "Get number of projects display on page",
      "time" : {
        "start" : 1604615274855,
        "stop" : 1604615274989,
        "duration" : 134
      },
      "status" : "passed",
      "steps" : [ ],
      "attachments" : [ ],
      "parameters" : [ ],
      "stepsCount" : 0,
      "attachmentsCount" : 0,
      "shouldDisplayMessage" : false,
      "hasContent" : false
    }, {
      "name" : "Start a new project",
      "time" : {
        "start" : 1604615274989,
        "stop" : 1604615276335,
        "duration" : 1346
      },
      "status" : "passed",
      "steps" : [ ],
      "attachments" : [ ],
      "parameters" : [ ],
      "stepsCount" : 0,
      "attachmentsCount" : 0,
      "shouldDisplayMessage" : false,
      "hasContent" : false
    }, {
      "name" : "Select project 'quiz' from projects menu",
      "time" : {
        "start" : 1604615276336,
        "stop" : 1604615277539,
        "duration" : 1203
      },
      "status" : "passed",
      "steps" : [ ],
      "attachments" : [ ],
      "parameters" : [ {
        "name" : "project_name",
        "value" : "'quiz'"
      } ],
      "stepsCount" : 0,
      "attachmentsCount" : 0,
      "shouldDisplayMessage" : false,
      "hasContent" : true
    }, {
      "name" : "Open new project for editing - project name: 'test project', project type: 'Thank you page'",
      "time" : {
        "start" : 1604615280388,
        "stop" : 1604615292804,
        "duration" : 12416
      },
      "status" : "broken",
      "statusMessage" : "selenium.common.exceptions.TimeoutException: Message: \n\n",
      "statusTrace" : "  File \"/opt/hostedtoolcache/Python/3.9.0/x64/lib/python3.9/site-packages/allure_commons/_allure.py\", line 157, in impl\n    return func(*a, **kw)\n  File \"/home/runner/work/Selenium-Python-Example/Selenium-Python-Example/pages/project_edit_page.py\", line 32, in edit_project_prep\n    self.click(self._START_EDITING_BUTTON)\n  File \"/home/runner/work/Selenium-Python-Example/Selenium-Python-Example/pages/base_page.py\", line 18, in click\n    el = self._wait.until(expected_conditions.element_to_be_clickable(webelement))\n  File \"/opt/hostedtoolcache/Python/3.9.0/x64/lib/python3.9/site-packages/selenium/webdriver/support/wait.py\", line 80, in until\n    raise TimeoutException(message, screen, stacktrace)\n",
      "steps" : [ ],
      "attachments" : [ ],
      "parameters" : [ {
        "name" : "project_name",
        "value" : "'test project'"
      }, {
        "name" : "project_type",
        "value" : "'Thank you page'"
      } ],
      "stepsCount" : 0,
      "attachmentsCount" : 0,
      "shouldDisplayMessage" : true,
      "hasContent" : true
    } ],
    "attachments" : [ {
      "uid" : "6f105f7ad0a475d",
      "name" : "screenshot on failure: 05/11/2020, 22:28:12",
      "source" : "6f105f7ad0a475d.png",
      "type" : "image/png",
      "size" : 186101
    } ],
    "parameters" : [ ],
    "stepsCount" : 6,
    "attachmentsCount" : 1,
    "shouldDisplayMessage" : true,
    "hasContent" : true
  },
  "afterStages" : [ {
    "name" : "create_driver::0",
    "time" : {
      "start" : 1604615293219,
      "stop" : 1604615293277,
      "duration" : 58
    },
    "status" : "passed",
    "steps" : [ ],
    "attachments" : [ ],
    "parameters" : [ ],
    "stepsCount" : 0,
    "attachmentsCount" : 0,
    "shouldDisplayMessage" : false,
    "hasContent" : false
  } ],
  "labels" : [ {
    "name" : "epic",
    "value" : "Workspaces"
  }, {
    "name" : "severity",
    "value" : "normal"
  }, {
    "name" : "story",
    "value" : "WorkSpaces Creation and Editing Functionality"
  }, {
    "name" : "tag",
    "value" : "run(order=5)"
  }, {
    "name" : "parentSuite",
    "value" : "tests"
  }, {
    "name" : "suite",
    "value" : "test_workspaces"
  }, {
    "name" : "subSuite",
    "value" : "TestWorkspaces"
  }, {
    "name" : "host",
    "value" : "fv-az40-544"
  }, {
    "name" : "thread",
    "value" : "4571-MainThread"
  }, {
    "name" : "framework",
    "value" : "pytest"
  }, {
    "name" : "language",
    "value" : "cpython3"
  }, {
    "name" : "package",
    "value" : "tests.test_workspaces"
  }, {
    "name" : "resultFormat",
    "value" : "allure2"
  } ],
  "parameters" : [ ],
  "links" : [ ],
  "hidden" : false,
  "retry" : false,
  "extra" : {
    "severity" : "normal",
    "retries" : [ ],
    "categories" : [ {
      "name" : "Test defects",
      "matchedStatuses" : [ ],
      "flaky" : false
    } ],
    "tags" : [ "run(order=5)" ]
  },
  "source" : "ddecc9f6e74ed022.json",
  "parameterValues" : [ ]
}