{
  "uid" : "dabd0029fc95ba10",
  "name" : "Delete existing project test",
  "fullName" : "tests.test_workspaces.TestWorkspaces#test_delete_project",
  "historyId" : "d24bb8ba4e26861dd091ba1e78a5d0b8",
  "time" : {
    "start" : 1604698787939,
    "stop" : 1604698802536,
    "duration" : 14597
  },
  "description" : "Deleting an existing project from workspace",
  "descriptionHtml" : "<p>Deleting an existing project from workspace</p>\n",
  "status" : "broken",
  "statusMessage" : "selenium.common.exceptions.TimeoutException: Message:",
  "statusTrace" : "self = <tests.test_workspaces.TestWorkspaces object at 0x7f4d5d6eb970>\ncreate_driver = <selenium.webdriver.remote.webdriver.WebDriver (session=\"068b4da7dd46d75633c8267da7af2cc7\")>\nprep_properties = <utils.config_parser.ConfigParserIni object at 0x7f4d605f0700>\n\n    @allure.description(\"Deleting an existing project from workspace\")\n    @allure.title(\"Delete existing project test\")\n    @pytest.mark.run(order=9)\n    def test_delete_project(self, create_driver, prep_properties):\n        login(prep_properties)\n        json_reader = JsonParser(self._DATA_FILE_NAME)\n        projects_page = ProjectsPage()\n        before = projects_page.get_projects_number_in_page()\n>       projects_page.delete_project(json_reader.read_from_json()[\"project_name\"])\n\ntests/test_workspaces.py:138: \n_ _ _ _ _ _ _ _ _ _ _ _ _ _ _ _ _ _ _ _ _ _ _ _ _ _ _ _ _ _ _ _ _ _ _ _ _ _ _ _ \npages/projects_page.py:114: in delete_project\n    self.click(self._CONFIRM_DELETE_PROJECT_BUTTON)\npages/base_page.py:18: in click\n    el = self._wait.until(expected_conditions.element_to_be_clickable(webelement))\n_ _ _ _ _ _ _ _ _ _ _ _ _ _ _ _ _ _ _ _ _ _ _ _ _ _ _ _ _ _ _ _ _ _ _ _ _ _ _ _ \n\nself = <selenium.webdriver.support.wait.WebDriverWait (session=\"068b4da7dd46d75633c8267da7af2cc7\")>\nmethod = <selenium.webdriver.support.expected_conditions.element_to_be_clickable object at 0x7f4d5d735f40>\nmessage = ''\n\n    def until(self, method, message=''):\n        \"\"\"Calls the method provided with the driver as an argument until the \\\n        return value is not False.\"\"\"\n        screen = None\n        stacktrace = None\n    \n        end_time = time.time() + self._timeout\n        while True:\n            try:\n                value = method(self._driver)\n                if value:\n                    return value\n            except self._ignored_exceptions as exc:\n                screen = getattr(exc, 'screen', None)\n                stacktrace = getattr(exc, 'stacktrace', None)\n            time.sleep(self._poll)\n            if time.time() > end_time:\n                break\n>       raise TimeoutException(message, screen, stacktrace)\nE       selenium.common.exceptions.TimeoutException: Message:\n\n/opt/hostedtoolcache/Python/3.9.0/x64/lib/python3.9/site-packages/selenium/webdriver/support/wait.py:80: TimeoutException",
  "flaky" : false,
  "newFailed" : false,
  "beforeStages" : [ {
    "name" : "prep_properties",
    "time" : {
      "start" : 1604698635586,
      "stop" : 1604698635586,
      "duration" : 0
    },
    "status" : "passed",
    "steps" : [ ],
    "attachments" : [ ],
    "parameters" : [ ],
    "shouldDisplayMessage" : false,
    "hasContent" : false,
    "stepsCount" : 0,
    "attachmentsCount" : 0
  }, {
    "name" : "create_driver",
    "time" : {
      "start" : 1604698784989,
      "stop" : 1604698787938,
      "duration" : 2949
    },
    "status" : "passed",
    "steps" : [ ],
    "attachments" : [ ],
    "parameters" : [ ],
    "shouldDisplayMessage" : false,
    "hasContent" : false,
    "stepsCount" : 0,
    "attachmentsCount" : 0
  } ],
  "testStage" : {
    "description" : "Deleting an existing project from workspace",
    "status" : "broken",
    "statusMessage" : "selenium.common.exceptions.TimeoutException: Message:",
    "statusTrace" : "self = <tests.test_workspaces.TestWorkspaces object at 0x7f4d5d6eb970>\ncreate_driver = <selenium.webdriver.remote.webdriver.WebDriver (session=\"068b4da7dd46d75633c8267da7af2cc7\")>\nprep_properties = <utils.config_parser.ConfigParserIni object at 0x7f4d605f0700>\n\n    @allure.description(\"Deleting an existing project from workspace\")\n    @allure.title(\"Delete existing project test\")\n    @pytest.mark.run(order=9)\n    def test_delete_project(self, create_driver, prep_properties):\n        login(prep_properties)\n        json_reader = JsonParser(self._DATA_FILE_NAME)\n        projects_page = ProjectsPage()\n        before = projects_page.get_projects_number_in_page()\n>       projects_page.delete_project(json_reader.read_from_json()[\"project_name\"])\n\ntests/test_workspaces.py:138: \n_ _ _ _ _ _ _ _ _ _ _ _ _ _ _ _ _ _ _ _ _ _ _ _ _ _ _ _ _ _ _ _ _ _ _ _ _ _ _ _ \npages/projects_page.py:114: in delete_project\n    self.click(self._CONFIRM_DELETE_PROJECT_BUTTON)\npages/base_page.py:18: in click\n    el = self._wait.until(expected_conditions.element_to_be_clickable(webelement))\n_ _ _ _ _ _ _ _ _ _ _ _ _ _ _ _ _ _ _ _ _ _ _ _ _ _ _ _ _ _ _ _ _ _ _ _ _ _ _ _ \n\nself = <selenium.webdriver.support.wait.WebDriverWait (session=\"068b4da7dd46d75633c8267da7af2cc7\")>\nmethod = <selenium.webdriver.support.expected_conditions.element_to_be_clickable object at 0x7f4d5d735f40>\nmessage = ''\n\n    def until(self, method, message=''):\n        \"\"\"Calls the method provided with the driver as an argument until the \\\n        return value is not False.\"\"\"\n        screen = None\n        stacktrace = None\n    \n        end_time = time.time() + self._timeout\n        while True:\n            try:\n                value = method(self._driver)\n                if value:\n                    return value\n            except self._ignored_exceptions as exc:\n                screen = getattr(exc, 'screen', None)\n                stacktrace = getattr(exc, 'stacktrace', None)\n            time.sleep(self._poll)\n            if time.time() > end_time:\n                break\n>       raise TimeoutException(message, screen, stacktrace)\nE       selenium.common.exceptions.TimeoutException: Message:\n\n/opt/hostedtoolcache/Python/3.9.0/x64/lib/python3.9/site-packages/selenium/webdriver/support/wait.py:80: TimeoutException",
    "steps" : [ {
      "name" : "Click Login link",
      "time" : {
        "start" : 1604698787939,
        "stop" : 1604698788404,
        "duration" : 465
      },
      "status" : "passed",
      "steps" : [ ],
      "attachments" : [ ],
      "parameters" : [ ],
      "shouldDisplayMessage" : false,
      "hasContent" : false,
      "stepsCount" : 0,
      "attachmentsCount" : 0
    }, {
      "name" : "Log in with username: 'eshorrosh@gmail.com' and password: 'El123456789'",
      "time" : {
        "start" : 1604698788404,
        "stop" : 1604698790877,
        "duration" : 2473
      },
      "status" : "passed",
      "steps" : [ ],
      "attachments" : [ ],
      "parameters" : [ {
        "name" : "username",
        "value" : "'eshorrosh@gmail.com'"
      }, {
        "name" : "password",
        "value" : "'El123456789'"
      } ],
      "shouldDisplayMessage" : false,
      "hasContent" : true,
      "stepsCount" : 0,
      "attachmentsCount" : 0
    }, {
      "name" : "Get number of projects display on page",
      "time" : {
        "start" : 1604698790877,
        "stop" : 1604698791050,
        "duration" : 173
      },
      "status" : "passed",
      "steps" : [ ],
      "attachments" : [ ],
      "parameters" : [ ],
      "shouldDisplayMessage" : false,
      "hasContent" : false,
      "stepsCount" : 0,
      "attachmentsCount" : 0
    }, {
      "name" : "Delete or cancel deletion of project 'test project'",
      "time" : {
        "start" : 1604698791050,
        "stop" : 1604698802536,
        "duration" : 11486
      },
      "status" : "broken",
      "statusMessage" : "selenium.common.exceptions.TimeoutException: Message: \n\n",
      "statusTrace" : "  File \"/opt/hostedtoolcache/Python/3.9.0/x64/lib/python3.9/site-packages/allure_commons/_allure.py\", line 157, in impl\n    return func(*a, **kw)\n  File \"/home/runner/work/Selenium-Python-Example/Selenium-Python-Example/pages/projects_page.py\", line 114, in delete_project\n    self.click(self._CONFIRM_DELETE_PROJECT_BUTTON)\n  File \"/home/runner/work/Selenium-Python-Example/Selenium-Python-Example/pages/base_page.py\", line 18, in click\n    el = self._wait.until(expected_conditions.element_to_be_clickable(webelement))\n  File \"/opt/hostedtoolcache/Python/3.9.0/x64/lib/python3.9/site-packages/selenium/webdriver/support/wait.py\", line 80, in until\n    raise TimeoutException(message, screen, stacktrace)\n",
      "steps" : [ ],
      "attachments" : [ ],
      "parameters" : [ {
        "name" : "project_name",
        "value" : "'test project'"
      }, {
        "name" : "status",
        "value" : "'confirm'"
      } ],
      "shouldDisplayMessage" : true,
      "hasContent" : true,
      "stepsCount" : 0,
      "attachmentsCount" : 0
    } ],
    "attachments" : [ {
      "uid" : "b3f3ba2148fb4213",
      "name" : "screenshot on failure: 06/11/2020, 21:40:02",
      "source" : "b3f3ba2148fb4213.png",
      "type" : "image/png",
      "size" : 109199
    } ],
    "parameters" : [ ],
    "shouldDisplayMessage" : true,
    "hasContent" : true,
    "stepsCount" : 4,
    "attachmentsCount" : 1
  },
  "afterStages" : [ {
    "name" : "create_driver::0",
    "time" : {
      "start" : 1604698802905,
      "stop" : 1604698802958,
      "duration" : 53
    },
    "status" : "passed",
    "steps" : [ ],
    "attachments" : [ ],
    "parameters" : [ ],
    "shouldDisplayMessage" : false,
    "hasContent" : false,
    "stepsCount" : 0,
    "attachmentsCount" : 0
  } ],
  "labels" : [ {
    "name" : "story",
    "value" : "WorkSpaces Creation and Editing Functionality"
  }, {
    "name" : "severity",
    "value" : "normal"
  }, {
    "name" : "epic",
    "value" : "Workspaces"
  }, {
    "name" : "tag",
    "value" : "run(order=9)"
  }, {
    "name" : "parentSuite",
    "value" : "tests"
  }, {
    "name" : "suite",
    "value" : "test_workspaces"
  }, {
    "name" : "subSuite",
    "value" : "TestWorkspaces"
  }, {
    "name" : "host",
    "value" : "fv-az40-174"
  }, {
    "name" : "thread",
    "value" : "4567-MainThread"
  }, {
    "name" : "framework",
    "value" : "pytest"
  }, {
    "name" : "language",
    "value" : "cpython3"
  }, {
    "name" : "package",
    "value" : "tests.test_workspaces"
  }, {
    "name" : "resultFormat",
    "value" : "allure2"
  } ],
  "parameters" : [ ],
  "links" : [ ],
  "hidden" : false,
  "retry" : false,
  "extra" : {
    "severity" : "normal",
    "retries" : [ ],
    "categories" : [ {
      "name" : "Test defects",
      "matchedStatuses" : [ ],
      "flaky" : false
    } ],
    "tags" : [ "run(order=9)" ]
  },
  "source" : "dabd0029fc95ba10.json",
  "parameterValues" : [ ]
}