{
  "uid" : "d2681476359fcbae",
  "name" : "Add project to workspace test",
  "fullName" : "tests.test_workspaces.TestWorkspaces#test_add_project_to_workspace",
  "historyId" : "7ab24faf7085af05bc6b25523cc84337",
  "time" : {
    "start" : 1604698702005,
    "stop" : 1604698723751,
    "duration" : 21746
  },
  "description" : "Selecting and adding a project to workspace",
  "descriptionHtml" : "<p>Selecting and adding a project to workspace</p>\n",
  "status" : "broken",
  "statusMessage" : "selenium.common.exceptions.TimeoutException: Message:",
  "statusTrace" : "self = <tests.test_workspaces.TestWorkspaces object at 0x7f10aab10160>\ncreate_driver = <selenium.webdriver.remote.webdriver.WebDriver (session=\"6d58d38e88b34391d42e3b96594cbbbf\")>\nprep_properties = <utils.config_parser.ConfigParserIni object at 0x7f10ad978100>\n\n    @allure.description(\"Selecting and adding a project to workspace\")\n    @allure.title(\"Add project to workspace test\")\n    @pytest.mark.run(order=5)\n    def test_add_project_to_workspace(self, create_driver, prep_properties):\n        login(prep_properties)\n        json_reader = JsonParser(self._DATA_FILE_NAME)\n        projects_page = ProjectsPage()\n        project_type_page = ProjectTypePage()\n        templates_page = TemplatesPage()\n        project_edit_page = ProjectEditPage()\n        before = projects_page.get_projects_number_in_page()\n        projects_page.create_new_project()\n        project_type_page.select_project(json_reader.read_from_json()[\"project_type\"])\n        templates_page.choose_template(json_reader.read_from_json()[\"template_type\"])\n>       project_edit_page.edit_project_prep(json_reader.read_from_json()[\"project_name\"],\n                                            json_reader.read_from_json()[\"final_slide\"])\n\ntests/test_workspaces.py:91: \n_ _ _ _ _ _ _ _ _ _ _ _ _ _ _ _ _ _ _ _ _ _ _ _ _ _ _ _ _ _ _ _ _ _ _ _ _ _ _ _ \npages/project_edit_page.py:32: in edit_project_prep\n    self.click(self._START_EDITING_BUTTON)\npages/base_page.py:18: in click\n    el = self._wait.until(expected_conditions.element_to_be_clickable(webelement))\n_ _ _ _ _ _ _ _ _ _ _ _ _ _ _ _ _ _ _ _ _ _ _ _ _ _ _ _ _ _ _ _ _ _ _ _ _ _ _ _ \n\nself = <selenium.webdriver.support.wait.WebDriverWait (session=\"6d58d38e88b34391d42e3b96594cbbbf\")>\nmethod = <selenium.webdriver.support.expected_conditions.element_to_be_clickable object at 0x7f10aab0a1c0>\nmessage = ''\n\n    def until(self, method, message=''):\n        \"\"\"Calls the method provided with the driver as an argument until the \\\n        return value is not False.\"\"\"\n        screen = None\n        stacktrace = None\n    \n        end_time = time.time() + self._timeout\n        while True:\n            try:\n                value = method(self._driver)\n                if value:\n                    return value\n            except self._ignored_exceptions as exc:\n                screen = getattr(exc, 'screen', None)\n                stacktrace = getattr(exc, 'stacktrace', None)\n            time.sleep(self._poll)\n            if time.time() > end_time:\n                break\n>       raise TimeoutException(message, screen, stacktrace)\nE       selenium.common.exceptions.TimeoutException: Message:\n\n/opt/hostedtoolcache/Python/3.9.0/x64/lib/python3.9/site-packages/selenium/webdriver/support/wait.py:80: TimeoutException",
  "flaky" : false,
  "newFailed" : false,
  "beforeStages" : [ {
    "name" : "prep_properties",
    "time" : {
      "start" : 1604698612984,
      "stop" : 1604698612985,
      "duration" : 1
    },
    "status" : "passed",
    "steps" : [ ],
    "attachments" : [ ],
    "parameters" : [ ],
    "stepsCount" : 0,
    "attachmentsCount" : 0,
    "shouldDisplayMessage" : false,
    "hasContent" : false
  }, {
    "name" : "create_driver",
    "time" : {
      "start" : 1604698698933,
      "stop" : 1604698702004,
      "duration" : 3071
    },
    "status" : "passed",
    "steps" : [ ],
    "attachments" : [ ],
    "parameters" : [ ],
    "stepsCount" : 0,
    "attachmentsCount" : 0,
    "shouldDisplayMessage" : false,
    "hasContent" : false
  } ],
  "testStage" : {
    "description" : "Selecting and adding a project to workspace",
    "status" : "broken",
    "statusMessage" : "selenium.common.exceptions.TimeoutException: Message:",
    "statusTrace" : "self = <tests.test_workspaces.TestWorkspaces object at 0x7f10aab10160>\ncreate_driver = <selenium.webdriver.remote.webdriver.WebDriver (session=\"6d58d38e88b34391d42e3b96594cbbbf\")>\nprep_properties = <utils.config_parser.ConfigParserIni object at 0x7f10ad978100>\n\n    @allure.description(\"Selecting and adding a project to workspace\")\n    @allure.title(\"Add project to workspace test\")\n    @pytest.mark.run(order=5)\n    def test_add_project_to_workspace(self, create_driver, prep_properties):\n        login(prep_properties)\n        json_reader = JsonParser(self._DATA_FILE_NAME)\n        projects_page = ProjectsPage()\n        project_type_page = ProjectTypePage()\n        templates_page = TemplatesPage()\n        project_edit_page = ProjectEditPage()\n        before = projects_page.get_projects_number_in_page()\n        projects_page.create_new_project()\n        project_type_page.select_project(json_reader.read_from_json()[\"project_type\"])\n        templates_page.choose_template(json_reader.read_from_json()[\"template_type\"])\n>       project_edit_page.edit_project_prep(json_reader.read_from_json()[\"project_name\"],\n                                            json_reader.read_from_json()[\"final_slide\"])\n\ntests/test_workspaces.py:91: \n_ _ _ _ _ _ _ _ _ _ _ _ _ _ _ _ _ _ _ _ _ _ _ _ _ _ _ _ _ _ _ _ _ _ _ _ _ _ _ _ \npages/project_edit_page.py:32: in edit_project_prep\n    self.click(self._START_EDITING_BUTTON)\npages/base_page.py:18: in click\n    el = self._wait.until(expected_conditions.element_to_be_clickable(webelement))\n_ _ _ _ _ _ _ _ _ _ _ _ _ _ _ _ _ _ _ _ _ _ _ _ _ _ _ _ _ _ _ _ _ _ _ _ _ _ _ _ \n\nself = <selenium.webdriver.support.wait.WebDriverWait (session=\"6d58d38e88b34391d42e3b96594cbbbf\")>\nmethod = <selenium.webdriver.support.expected_conditions.element_to_be_clickable object at 0x7f10aab0a1c0>\nmessage = ''\n\n    def until(self, method, message=''):\n        \"\"\"Calls the method provided with the driver as an argument until the \\\n        return value is not False.\"\"\"\n        screen = None\n        stacktrace = None\n    \n        end_time = time.time() + self._timeout\n        while True:\n            try:\n                value = method(self._driver)\n                if value:\n                    return value\n            except self._ignored_exceptions as exc:\n                screen = getattr(exc, 'screen', None)\n                stacktrace = getattr(exc, 'stacktrace', None)\n            time.sleep(self._poll)\n            if time.time() > end_time:\n                break\n>       raise TimeoutException(message, screen, stacktrace)\nE       selenium.common.exceptions.TimeoutException: Message:\n\n/opt/hostedtoolcache/Python/3.9.0/x64/lib/python3.9/site-packages/selenium/webdriver/support/wait.py:80: TimeoutException",
    "steps" : [ {
      "name" : "Click Login link",
      "time" : {
        "start" : 1604698702005,
        "stop" : 1604698702763,
        "duration" : 758
      },
      "status" : "passed",
      "steps" : [ ],
      "attachments" : [ ],
      "parameters" : [ ],
      "stepsCount" : 0,
      "attachmentsCount" : 0,
      "shouldDisplayMessage" : false,
      "hasContent" : false
    }, {
      "name" : "Log in with username: 'eshorrosh@gmail.com' and password: 'El123456789'",
      "time" : {
        "start" : 1604698702763,
        "stop" : 1604698705353,
        "duration" : 2590
      },
      "status" : "passed",
      "steps" : [ ],
      "attachments" : [ ],
      "parameters" : [ {
        "name" : "username",
        "value" : "'eshorrosh@gmail.com'"
      }, {
        "name" : "password",
        "value" : "'El123456789'"
      } ],
      "stepsCount" : 0,
      "attachmentsCount" : 0,
      "shouldDisplayMessage" : false,
      "hasContent" : true
    }, {
      "name" : "Get number of projects display on page",
      "time" : {
        "start" : 1604698705354,
        "stop" : 1604698705613,
        "duration" : 259
      },
      "status" : "passed",
      "steps" : [ ],
      "attachments" : [ ],
      "parameters" : [ ],
      "stepsCount" : 0,
      "attachmentsCount" : 0,
      "shouldDisplayMessage" : false,
      "hasContent" : false
    }, {
      "name" : "Start a new project",
      "time" : {
        "start" : 1604698705613,
        "stop" : 1604698706596,
        "duration" : 983
      },
      "status" : "passed",
      "steps" : [ ],
      "attachments" : [ ],
      "parameters" : [ ],
      "stepsCount" : 0,
      "attachmentsCount" : 0,
      "shouldDisplayMessage" : false,
      "hasContent" : false
    }, {
      "name" : "Select project 'quiz' from projects menu",
      "time" : {
        "start" : 1604698706596,
        "stop" : 1604698708746,
        "duration" : 2150
      },
      "status" : "passed",
      "steps" : [ ],
      "attachments" : [ ],
      "parameters" : [ {
        "name" : "project_name",
        "value" : "'quiz'"
      } ],
      "stepsCount" : 0,
      "attachmentsCount" : 0,
      "shouldDisplayMessage" : false,
      "hasContent" : true
    }, {
      "name" : "Open new project for editing - project name: 'test project', project type: 'Thank you page'",
      "time" : {
        "start" : 1604698710817,
        "stop" : 1604698723750,
        "duration" : 12933
      },
      "status" : "broken",
      "statusMessage" : "selenium.common.exceptions.TimeoutException: Message: \n\n",
      "statusTrace" : "  File \"/opt/hostedtoolcache/Python/3.9.0/x64/lib/python3.9/site-packages/allure_commons/_allure.py\", line 157, in impl\n    return func(*a, **kw)\n  File \"/home/runner/work/Selenium-Python-Example/Selenium-Python-Example/pages/project_edit_page.py\", line 32, in edit_project_prep\n    self.click(self._START_EDITING_BUTTON)\n  File \"/home/runner/work/Selenium-Python-Example/Selenium-Python-Example/pages/base_page.py\", line 18, in click\n    el = self._wait.until(expected_conditions.element_to_be_clickable(webelement))\n  File \"/opt/hostedtoolcache/Python/3.9.0/x64/lib/python3.9/site-packages/selenium/webdriver/support/wait.py\", line 80, in until\n    raise TimeoutException(message, screen, stacktrace)\n",
      "steps" : [ ],
      "attachments" : [ ],
      "parameters" : [ {
        "name" : "project_name",
        "value" : "'test project'"
      }, {
        "name" : "project_type",
        "value" : "'Thank you page'"
      } ],
      "stepsCount" : 0,
      "attachmentsCount" : 0,
      "shouldDisplayMessage" : true,
      "hasContent" : true
    } ],
    "attachments" : [ {
      "uid" : "87e99a1319a34318",
      "name" : "screenshot on failure: 06/11/2020, 21:38:43",
      "source" : "87e99a1319a34318.png",
      "type" : "image/png",
      "size" : 186101
    } ],
    "parameters" : [ ],
    "stepsCount" : 6,
    "attachmentsCount" : 1,
    "shouldDisplayMessage" : true,
    "hasContent" : true
  },
  "afterStages" : [ {
    "name" : "create_driver::0",
    "time" : {
      "start" : 1604698724137,
      "stop" : 1604698724196,
      "duration" : 59
    },
    "status" : "passed",
    "steps" : [ ],
    "attachments" : [ ],
    "parameters" : [ ],
    "stepsCount" : 0,
    "attachmentsCount" : 0,
    "shouldDisplayMessage" : false,
    "hasContent" : false
  } ],
  "labels" : [ {
    "name" : "story",
    "value" : "WorkSpaces Creation and Editing Functionality"
  }, {
    "name" : "epic",
    "value" : "Workspaces"
  }, {
    "name" : "severity",
    "value" : "normal"
  }, {
    "name" : "tag",
    "value" : "run(order=5)"
  }, {
    "name" : "parentSuite",
    "value" : "tests"
  }, {
    "name" : "suite",
    "value" : "test_workspaces"
  }, {
    "name" : "subSuite",
    "value" : "TestWorkspaces"
  }, {
    "name" : "host",
    "value" : "fv-az40-174"
  }, {
    "name" : "thread",
    "value" : "4660-MainThread"
  }, {
    "name" : "framework",
    "value" : "pytest"
  }, {
    "name" : "language",
    "value" : "cpython3"
  }, {
    "name" : "package",
    "value" : "tests.test_workspaces"
  }, {
    "name" : "resultFormat",
    "value" : "allure2"
  } ],
  "parameters" : [ ],
  "links" : [ ],
  "hidden" : false,
  "retry" : false,
  "extra" : {
    "severity" : "normal",
    "retries" : [ ],
    "categories" : [ {
      "name" : "Test defects",
      "matchedStatuses" : [ ],
      "flaky" : false
    } ],
    "tags" : [ "run(order=5)" ]
  },
  "source" : "d2681476359fcbae.json",
  "parameterValues" : [ ]
}