{
  "uid" : "9d8246d2bc413068",
  "name" : "Delete existing project test",
  "fullName" : "tests.test_workspaces.TestWorkspaces#test_delete_project",
  "historyId" : "d24bb8ba4e26861dd091ba1e78a5d0b8",
  "time" : {
    "start" : 1604733303566,
    "stop" : 1604733318595,
    "duration" : 15029
  },
  "description" : "Deleting an existing project from workspace",
  "descriptionHtml" : "<p>Deleting an existing project from workspace</p>\n",
  "status" : "broken",
  "statusMessage" : "selenium.common.exceptions.TimeoutException: Message:",
  "statusTrace" : "self = <tests.test_workspaces.TestWorkspaces object at 0x7f7f381df4c0>\nprep_properties = <utils.config_parser.ConfigParserIni object at 0x7f7f3b091430>\nprojects_page = <pages.projects_page.ProjectsPage object at 0x7f7f381e4d00>\nabout_page = <pages.about_page.AboutPage object at 0x7f7f381e46a0>\nlogin_page = <pages.login_page.LoginPage object at 0x7f7f381e41c0>\n\n    @allure.description(\"Deleting an existing project from workspace\")\n    @allure.title(\"Delete existing project test\")\n    @pytest.mark.run(order=9)\n    def test_delete_project(self,  prep_properties, projects_page, about_page, login_page):\n        login(prep_properties, about_page, login_page)\n        json_reader = JsonParser(self._DATA_FILE_NAME)\n        before = projects_page.get_projects_number_in_page()\n>       projects_page.delete_project(json_reader.read_from_json()[\"project_name\"])\n\ntests/test_workspaces.py:118: \n_ _ _ _ _ _ _ _ _ _ _ _ _ _ _ _ _ _ _ _ _ _ _ _ _ _ _ _ _ _ _ _ _ _ _ _ _ _ _ _ \npages/projects_page.py:114: in delete_project\n    self.click(self._CONFIRM_DELETE_PROJECT_BUTTON)\npages/base_page.py:18: in click\n    el = self._wait.until(expected_conditions.element_to_be_clickable(webelement))\n_ _ _ _ _ _ _ _ _ _ _ _ _ _ _ _ _ _ _ _ _ _ _ _ _ _ _ _ _ _ _ _ _ _ _ _ _ _ _ _ \n\nself = <selenium.webdriver.support.wait.WebDriverWait (session=\"881267de548a0403747d05c361de4507\")>\nmethod = <selenium.webdriver.support.expected_conditions.element_to_be_clickable object at 0x7f7f3b095f70>\nmessage = ''\n\n    def until(self, method, message=''):\n        \"\"\"Calls the method provided with the driver as an argument until the \\\n        return value is not False.\"\"\"\n        screen = None\n        stacktrace = None\n    \n        end_time = time.time() + self._timeout\n        while True:\n            try:\n                value = method(self._driver)\n                if value:\n                    return value\n            except self._ignored_exceptions as exc:\n                screen = getattr(exc, 'screen', None)\n                stacktrace = getattr(exc, 'stacktrace', None)\n            time.sleep(self._poll)\n            if time.time() > end_time:\n                break\n>       raise TimeoutException(message, screen, stacktrace)\nE       selenium.common.exceptions.TimeoutException: Message:\n\n/opt/hostedtoolcache/Python/3.9.0/x64/lib/python3.9/site-packages/selenium/webdriver/support/wait.py:80: TimeoutException",
  "flaky" : false,
  "newFailed" : false,
  "beforeStages" : [ {
    "name" : "prep_properties",
    "time" : {
      "start" : 1604733139873,
      "stop" : 1604733139874,
      "duration" : 1
    },
    "status" : "passed",
    "steps" : [ ],
    "attachments" : [ ],
    "parameters" : [ ],
    "stepsCount" : 0,
    "attachmentsCount" : 0,
    "shouldDisplayMessage" : false,
    "hasContent" : false
  }, {
    "name" : "about_page",
    "time" : {
      "start" : 1604733303566,
      "stop" : 1604733303566,
      "duration" : 0
    },
    "status" : "passed",
    "steps" : [ ],
    "attachments" : [ ],
    "parameters" : [ ],
    "stepsCount" : 0,
    "attachmentsCount" : 0,
    "shouldDisplayMessage" : false,
    "hasContent" : false
  }, {
    "name" : "login_page",
    "time" : {
      "start" : 1604733303566,
      "stop" : 1604733303566,
      "duration" : 0
    },
    "status" : "passed",
    "steps" : [ ],
    "attachments" : [ ],
    "parameters" : [ ],
    "stepsCount" : 0,
    "attachmentsCount" : 0,
    "shouldDisplayMessage" : false,
    "hasContent" : false
  }, {
    "name" : "create_driver",
    "time" : {
      "start" : 1604733300729,
      "stop" : 1604733303565,
      "duration" : 2836
    },
    "status" : "passed",
    "steps" : [ ],
    "attachments" : [ ],
    "parameters" : [ ],
    "stepsCount" : 0,
    "attachmentsCount" : 0,
    "shouldDisplayMessage" : false,
    "hasContent" : false
  }, {
    "name" : "projects_page",
    "time" : {
      "start" : 1604733303566,
      "stop" : 1604733303566,
      "duration" : 0
    },
    "status" : "passed",
    "steps" : [ ],
    "attachments" : [ ],
    "parameters" : [ ],
    "stepsCount" : 0,
    "attachmentsCount" : 0,
    "shouldDisplayMessage" : false,
    "hasContent" : false
  } ],
  "testStage" : {
    "description" : "Deleting an existing project from workspace",
    "status" : "broken",
    "statusMessage" : "selenium.common.exceptions.TimeoutException: Message:",
    "statusTrace" : "self = <tests.test_workspaces.TestWorkspaces object at 0x7f7f381df4c0>\nprep_properties = <utils.config_parser.ConfigParserIni object at 0x7f7f3b091430>\nprojects_page = <pages.projects_page.ProjectsPage object at 0x7f7f381e4d00>\nabout_page = <pages.about_page.AboutPage object at 0x7f7f381e46a0>\nlogin_page = <pages.login_page.LoginPage object at 0x7f7f381e41c0>\n\n    @allure.description(\"Deleting an existing project from workspace\")\n    @allure.title(\"Delete existing project test\")\n    @pytest.mark.run(order=9)\n    def test_delete_project(self,  prep_properties, projects_page, about_page, login_page):\n        login(prep_properties, about_page, login_page)\n        json_reader = JsonParser(self._DATA_FILE_NAME)\n        before = projects_page.get_projects_number_in_page()\n>       projects_page.delete_project(json_reader.read_from_json()[\"project_name\"])\n\ntests/test_workspaces.py:118: \n_ _ _ _ _ _ _ _ _ _ _ _ _ _ _ _ _ _ _ _ _ _ _ _ _ _ _ _ _ _ _ _ _ _ _ _ _ _ _ _ \npages/projects_page.py:114: in delete_project\n    self.click(self._CONFIRM_DELETE_PROJECT_BUTTON)\npages/base_page.py:18: in click\n    el = self._wait.until(expected_conditions.element_to_be_clickable(webelement))\n_ _ _ _ _ _ _ _ _ _ _ _ _ _ _ _ _ _ _ _ _ _ _ _ _ _ _ _ _ _ _ _ _ _ _ _ _ _ _ _ \n\nself = <selenium.webdriver.support.wait.WebDriverWait (session=\"881267de548a0403747d05c361de4507\")>\nmethod = <selenium.webdriver.support.expected_conditions.element_to_be_clickable object at 0x7f7f3b095f70>\nmessage = ''\n\n    def until(self, method, message=''):\n        \"\"\"Calls the method provided with the driver as an argument until the \\\n        return value is not False.\"\"\"\n        screen = None\n        stacktrace = None\n    \n        end_time = time.time() + self._timeout\n        while True:\n            try:\n                value = method(self._driver)\n                if value:\n                    return value\n            except self._ignored_exceptions as exc:\n                screen = getattr(exc, 'screen', None)\n                stacktrace = getattr(exc, 'stacktrace', None)\n            time.sleep(self._poll)\n            if time.time() > end_time:\n                break\n>       raise TimeoutException(message, screen, stacktrace)\nE       selenium.common.exceptions.TimeoutException: Message:\n\n/opt/hostedtoolcache/Python/3.9.0/x64/lib/python3.9/site-packages/selenium/webdriver/support/wait.py:80: TimeoutException",
    "steps" : [ {
      "name" : "Click Login link",
      "time" : {
        "start" : 1604733303567,
        "stop" : 1604733304013,
        "duration" : 446
      },
      "status" : "passed",
      "steps" : [ ],
      "attachments" : [ ],
      "parameters" : [ ],
      "stepsCount" : 0,
      "attachmentsCount" : 0,
      "shouldDisplayMessage" : false,
      "hasContent" : false
    }, {
      "name" : "Log in with username: 'eshorrosh@gmail.com' and password: 'El123456789'",
      "time" : {
        "start" : 1604733304013,
        "stop" : 1604733306613,
        "duration" : 2600
      },
      "status" : "passed",
      "steps" : [ ],
      "attachments" : [ ],
      "parameters" : [ {
        "name" : "username",
        "value" : "'eshorrosh@gmail.com'"
      }, {
        "name" : "password",
        "value" : "'El123456789'"
      } ],
      "stepsCount" : 0,
      "attachmentsCount" : 0,
      "shouldDisplayMessage" : false,
      "hasContent" : true
    }, {
      "name" : "Get number of projects display on page",
      "time" : {
        "start" : 1604733306613,
        "stop" : 1604733306912,
        "duration" : 299
      },
      "status" : "passed",
      "steps" : [ ],
      "attachments" : [ ],
      "parameters" : [ ],
      "stepsCount" : 0,
      "attachmentsCount" : 0,
      "shouldDisplayMessage" : false,
      "hasContent" : false
    }, {
      "name" : "Delete or cancel deletion of project 'test project'",
      "time" : {
        "start" : 1604733306913,
        "stop" : 1604733318594,
        "duration" : 11681
      },
      "status" : "broken",
      "statusMessage" : "selenium.common.exceptions.TimeoutException: Message: \n\n",
      "statusTrace" : "  File \"/opt/hostedtoolcache/Python/3.9.0/x64/lib/python3.9/site-packages/allure_commons/_allure.py\", line 157, in impl\n    return func(*a, **kw)\n  File \"/home/runner/work/Selenium-Python-Example/Selenium-Python-Example/pages/projects_page.py\", line 114, in delete_project\n    self.click(self._CONFIRM_DELETE_PROJECT_BUTTON)\n  File \"/home/runner/work/Selenium-Python-Example/Selenium-Python-Example/pages/base_page.py\", line 18, in click\n    el = self._wait.until(expected_conditions.element_to_be_clickable(webelement))\n  File \"/opt/hostedtoolcache/Python/3.9.0/x64/lib/python3.9/site-packages/selenium/webdriver/support/wait.py\", line 80, in until\n    raise TimeoutException(message, screen, stacktrace)\n",
      "steps" : [ ],
      "attachments" : [ ],
      "parameters" : [ {
        "name" : "project_name",
        "value" : "'test project'"
      }, {
        "name" : "status",
        "value" : "'confirm'"
      } ],
      "stepsCount" : 0,
      "attachmentsCount" : 0,
      "shouldDisplayMessage" : true,
      "hasContent" : true
    } ],
    "attachments" : [ {
      "uid" : "1bb74638eefce132",
      "name" : "screenshot on failure: 07/11/2020, 07:15:18",
      "source" : "1bb74638eefce132.png",
      "type" : "image/png",
      "size" : 114258
    } ],
    "parameters" : [ ],
    "stepsCount" : 4,
    "attachmentsCount" : 1,
    "shouldDisplayMessage" : true,
    "hasContent" : true
  },
  "afterStages" : [ {
    "name" : "create_driver::0",
    "time" : {
      "start" : 1604733318943,
      "stop" : 1604733318996,
      "duration" : 53
    },
    "status" : "passed",
    "steps" : [ ],
    "attachments" : [ ],
    "parameters" : [ ],
    "stepsCount" : 0,
    "attachmentsCount" : 0,
    "shouldDisplayMessage" : false,
    "hasContent" : false
  } ],
  "labels" : [ {
    "name" : "story",
    "value" : "WorkSpaces Creation and Editing Functionality"
  }, {
    "name" : "epic",
    "value" : "Workspaces"
  }, {
    "name" : "severity",
    "value" : "normal"
  }, {
    "name" : "tag",
    "value" : "run(order=9)"
  }, {
    "name" : "parentSuite",
    "value" : "tests"
  }, {
    "name" : "suite",
    "value" : "test_workspaces"
  }, {
    "name" : "subSuite",
    "value" : "TestWorkspaces"
  }, {
    "name" : "host",
    "value" : "fv-az92-175"
  }, {
    "name" : "thread",
    "value" : "4650-MainThread"
  }, {
    "name" : "framework",
    "value" : "pytest"
  }, {
    "name" : "language",
    "value" : "cpython3"
  }, {
    "name" : "package",
    "value" : "tests.test_workspaces"
  }, {
    "name" : "resultFormat",
    "value" : "allure2"
  } ],
  "parameters" : [ ],
  "links" : [ ],
  "hidden" : false,
  "retry" : false,
  "extra" : {
    "severity" : "normal",
    "retries" : [ ],
    "categories" : [ {
      "name" : "Test defects",
      "matchedStatuses" : [ ],
      "flaky" : false
    } ],
    "tags" : [ "run(order=9)" ]
  },
  "source" : "9d8246d2bc413068.json",
  "parameterValues" : [ ]
}