{
  "uid" : "fed4570af873021a",
  "name" : "Search for existing project test",
  "fullName" : "tests.test_workspaces.TestWorkspaces#test_search_project",
  "historyId" : "7721eab640df221dfbcb45b0cd0d7b59",
  "time" : {
    "start" : 1604992106769,
    "stop" : 1604992121294,
    "duration" : 14525
  },
  "description" : "Search for an existing project",
  "descriptionHtml" : "<p>Search for an existing project</p>\n",
  "status" : "broken",
  "statusMessage" : "selenium.common.exceptions.TimeoutException: Message:",
  "statusTrace" : "self = <tests.test_workspaces.TestWorkspaces object at 0x7fb6aa7f4160>\n\n    @allure.description(\"Search for an existing project\")\n    @allure.title(\"Search for existing project test\")\n    @pytest.mark.run(order=6)\n    def test_search_project(self):\n        login(self.config_reader, self.pages)\n        self.pages['projects_page'].search_project(self.json_reader.read_from_json()[\"workspace\"][\"project_name\"])\n>       expected_status = self.pages['projects_page'].is_project_found(\n            self.json_reader.read_from_json()[\"workspace\"][\"project_name\"])\n\ntests/test_workspaces.py:86: \n_ _ _ _ _ _ _ _ _ _ _ _ _ _ _ _ _ _ _ _ _ _ _ _ _ _ _ _ _ _ _ _ _ _ _ _ _ _ _ _ \npages/projects_page.py:157: in is_project_found\n    projects_titles = self._wait.until(\n_ _ _ _ _ _ _ _ _ _ _ _ _ _ _ _ _ _ _ _ _ _ _ _ _ _ _ _ _ _ _ _ _ _ _ _ _ _ _ _ \n\nself = <selenium.webdriver.support.wait.WebDriverWait (session=\"cd348a6fd44a2ea9457441c4f530c1ff\")>\nmethod = <selenium.webdriver.support.expected_conditions.visibility_of_all_elements_located object at 0x7fb6aa83efd0>\nmessage = ''\n\n    def until(self, method, message=''):\n        \"\"\"Calls the method provided with the driver as an argument until the \\\n        return value is not False.\"\"\"\n        screen = None\n        stacktrace = None\n    \n        end_time = time.time() + self._timeout\n        while True:\n            try:\n                value = method(self._driver)\n                if value:\n                    return value\n            except self._ignored_exceptions as exc:\n                screen = getattr(exc, 'screen', None)\n                stacktrace = getattr(exc, 'stacktrace', None)\n            time.sleep(self._poll)\n            if time.time() > end_time:\n                break\n>       raise TimeoutException(message, screen, stacktrace)\nE       selenium.common.exceptions.TimeoutException: Message:\n\n/opt/hostedtoolcache/Python/3.9.0/x64/lib/python3.9/site-packages/selenium/webdriver/support/wait.py:80: TimeoutException",
  "flaky" : false,
  "newFailed" : false,
  "beforeStages" : [ {
    "name" : "prep_properties",
    "time" : {
      "start" : 1604992001349,
      "stop" : 1604992001349,
      "duration" : 0
    },
    "status" : "passed",
    "steps" : [ ],
    "attachments" : [ ],
    "parameters" : [ ],
    "stepsCount" : 0,
    "attachmentsCount" : 0,
    "shouldDisplayMessage" : false,
    "hasContent" : false
  }, {
    "name" : "create_driver",
    "time" : {
      "start" : 1604992103808,
      "stop" : 1604992106768,
      "duration" : 2960
    },
    "status" : "passed",
    "steps" : [ ],
    "attachments" : [ ],
    "parameters" : [ ],
    "stepsCount" : 0,
    "attachmentsCount" : 0,
    "shouldDisplayMessage" : false,
    "hasContent" : false
  }, {
    "name" : "pages",
    "time" : {
      "start" : 1604992106768,
      "stop" : 1604992106768,
      "duration" : 0
    },
    "status" : "passed",
    "steps" : [ ],
    "attachments" : [ ],
    "parameters" : [ ],
    "stepsCount" : 0,
    "attachmentsCount" : 0,
    "shouldDisplayMessage" : false,
    "hasContent" : false
  }, {
    "name" : "write_allure_enviorment",
    "time" : {
      "start" : 1604992001350,
      "stop" : 1604992001350,
      "duration" : 0
    },
    "status" : "passed",
    "steps" : [ ],
    "attachments" : [ ],
    "parameters" : [ ],
    "stepsCount" : 0,
    "attachmentsCount" : 0,
    "shouldDisplayMessage" : false,
    "hasContent" : false
  }, {
    "name" : "injector",
    "time" : {
      "start" : 1604992106768,
      "stop" : 1604992106769,
      "duration" : 1
    },
    "status" : "passed",
    "steps" : [ ],
    "attachments" : [ ],
    "parameters" : [ ],
    "stepsCount" : 0,
    "attachmentsCount" : 0,
    "shouldDisplayMessage" : false,
    "hasContent" : false
  } ],
  "testStage" : {
    "description" : "Search for an existing project",
    "status" : "broken",
    "statusMessage" : "selenium.common.exceptions.TimeoutException: Message:",
    "statusTrace" : "self = <tests.test_workspaces.TestWorkspaces object at 0x7fb6aa7f4160>\n\n    @allure.description(\"Search for an existing project\")\n    @allure.title(\"Search for existing project test\")\n    @pytest.mark.run(order=6)\n    def test_search_project(self):\n        login(self.config_reader, self.pages)\n        self.pages['projects_page'].search_project(self.json_reader.read_from_json()[\"workspace\"][\"project_name\"])\n>       expected_status = self.pages['projects_page'].is_project_found(\n            self.json_reader.read_from_json()[\"workspace\"][\"project_name\"])\n\ntests/test_workspaces.py:86: \n_ _ _ _ _ _ _ _ _ _ _ _ _ _ _ _ _ _ _ _ _ _ _ _ _ _ _ _ _ _ _ _ _ _ _ _ _ _ _ _ \npages/projects_page.py:157: in is_project_found\n    projects_titles = self._wait.until(\n_ _ _ _ _ _ _ _ _ _ _ _ _ _ _ _ _ _ _ _ _ _ _ _ _ _ _ _ _ _ _ _ _ _ _ _ _ _ _ _ \n\nself = <selenium.webdriver.support.wait.WebDriverWait (session=\"cd348a6fd44a2ea9457441c4f530c1ff\")>\nmethod = <selenium.webdriver.support.expected_conditions.visibility_of_all_elements_located object at 0x7fb6aa83efd0>\nmessage = ''\n\n    def until(self, method, message=''):\n        \"\"\"Calls the method provided with the driver as an argument until the \\\n        return value is not False.\"\"\"\n        screen = None\n        stacktrace = None\n    \n        end_time = time.time() + self._timeout\n        while True:\n            try:\n                value = method(self._driver)\n                if value:\n                    return value\n            except self._ignored_exceptions as exc:\n                screen = getattr(exc, 'screen', None)\n                stacktrace = getattr(exc, 'stacktrace', None)\n            time.sleep(self._poll)\n            if time.time() > end_time:\n                break\n>       raise TimeoutException(message, screen, stacktrace)\nE       selenium.common.exceptions.TimeoutException: Message:\n\n/opt/hostedtoolcache/Python/3.9.0/x64/lib/python3.9/site-packages/selenium/webdriver/support/wait.py:80: TimeoutException",
    "steps" : [ {
      "name" : "Click Login link",
      "time" : {
        "start" : 1604992106769,
        "stop" : 1604992107285,
        "duration" : 516
      },
      "status" : "passed",
      "steps" : [ ],
      "attachments" : [ ],
      "parameters" : [ ],
      "stepsCount" : 0,
      "attachmentsCount" : 0,
      "shouldDisplayMessage" : false,
      "hasContent" : false
    }, {
      "name" : "Log in with username: 'elias123@gmail.com' and password: 'El123456789'",
      "time" : {
        "start" : 1604992107285,
        "stop" : 1604992109648,
        "duration" : 2363
      },
      "status" : "passed",
      "steps" : [ ],
      "attachments" : [ ],
      "parameters" : [ {
        "name" : "username",
        "value" : "'elias123@gmail.com'"
      }, {
        "name" : "password",
        "value" : "'El123456789'"
      } ],
      "stepsCount" : 0,
      "attachmentsCount" : 0,
      "shouldDisplayMessage" : false,
      "hasContent" : true
    }, {
      "name" : "Search for project 'test project'",
      "time" : {
        "start" : 1604992109648,
        "stop" : 1604992110214,
        "duration" : 566
      },
      "status" : "passed",
      "steps" : [ ],
      "attachments" : [ ],
      "parameters" : [ {
        "name" : "project_name",
        "value" : "'test project'"
      } ],
      "stepsCount" : 0,
      "attachmentsCount" : 0,
      "shouldDisplayMessage" : false,
      "hasContent" : true
    }, {
      "name" : "Check if 'test project' is present",
      "time" : {
        "start" : 1604992110215,
        "stop" : 1604992121293,
        "duration" : 11078
      },
      "status" : "broken",
      "statusMessage" : "selenium.common.exceptions.TimeoutException: Message: \n\n",
      "statusTrace" : "  File \"/opt/hostedtoolcache/Python/3.9.0/x64/lib/python3.9/site-packages/allure_commons/_allure.py\", line 157, in impl\n    return func(*a, **kw)\n  File \"/home/runner/work/Selenium-Python-Example/Selenium-Python-Example/pages/projects_page.py\", line 157, in is_project_found\n    projects_titles = self._wait.until(\n  File \"/opt/hostedtoolcache/Python/3.9.0/x64/lib/python3.9/site-packages/selenium/webdriver/support/wait.py\", line 80, in until\n    raise TimeoutException(message, screen, stacktrace)\n",
      "steps" : [ ],
      "attachments" : [ ],
      "parameters" : [ {
        "name" : "project_name",
        "value" : "'test project'"
      } ],
      "stepsCount" : 0,
      "attachmentsCount" : 0,
      "shouldDisplayMessage" : true,
      "hasContent" : true
    } ],
    "attachments" : [ ],
    "parameters" : [ ],
    "stepsCount" : 4,
    "attachmentsCount" : 0,
    "shouldDisplayMessage" : true,
    "hasContent" : true
  },
  "afterStages" : [ {
    "name" : "create_driver::0",
    "time" : {
      "start" : 1604992121307,
      "stop" : 1604992121691,
      "duration" : 384
    },
    "status" : "passed",
    "steps" : [ ],
    "attachments" : [ {
      "uid" : "4a3d9dd33f906971",
      "name" : "screenshot on failure: 10/11/2020, 07:08:41",
      "source" : "4a3d9dd33f906971.png",
      "type" : "image/png",
      "size" : 86330
    } ],
    "parameters" : [ ],
    "stepsCount" : 0,
    "attachmentsCount" : 1,
    "shouldDisplayMessage" : false,
    "hasContent" : true
  } ],
  "labels" : [ {
    "name" : "story",
    "value" : "WorkSpaces Creation and Editing Functionality"
  }, {
    "name" : "epic",
    "value" : "Workspaces"
  }, {
    "name" : "severity",
    "value" : "normal"
  }, {
    "name" : "tag",
    "value" : "run(order=6)"
  }, {
    "name" : "parentSuite",
    "value" : "tests"
  }, {
    "name" : "suite",
    "value" : "test_workspaces"
  }, {
    "name" : "subSuite",
    "value" : "TestWorkspaces"
  }, {
    "name" : "host",
    "value" : "fv-az40-211"
  }, {
    "name" : "thread",
    "value" : "4951-MainThread"
  }, {
    "name" : "framework",
    "value" : "pytest"
  }, {
    "name" : "language",
    "value" : "cpython3"
  }, {
    "name" : "package",
    "value" : "tests.test_workspaces"
  }, {
    "name" : "resultFormat",
    "value" : "allure2"
  } ],
  "parameters" : [ ],
  "links" : [ ],
  "hidden" : false,
  "retry" : false,
  "extra" : {
    "severity" : "normal",
    "retries" : [ ],
    "categories" : [ {
      "name" : "Test defects",
      "matchedStatuses" : [ ],
      "flaky" : false
    } ],
    "tags" : [ "run(order=6)" ]
  },
  "source" : "fed4570af873021a.json",
  "parameterValues" : [ ]
}