{
  "uid" : "a2b586dae0395817",
  "name" : "Delete existing project",
  "fullName" : "tests.test_workspaces.TestWorkspaces#test_delete_project",
  "historyId" : "d24bb8ba4e26861dd091ba1e78a5d0b8",
  "time" : {
    "start" : 1604826077396,
    "stop" : 1604826093170,
    "duration" : 15774
  },
  "description" : "Deleting an existing project from workspace",
  "descriptionHtml" : "<p>Deleting an existing project from workspace</p>\n",
  "status" : "broken",
  "statusMessage" : "selenium.common.exceptions.TimeoutException: Message:",
  "statusTrace" : "self = <tests.test_workspaces.TestWorkspaces object at 0x7f8db27637f0>\n\n    @allure.description(\"Deleting an existing project from workspace\")\n    @allure.title(\"Delete existing project\")\n    @pytest.mark.run(order=9)\n    def test_delete_project(self):\n        login(self.config_reader, self.pages)\n>       before = self.pages['projects_page'].get_projects_number_in_page()\n\ntests/test_workspaces.py:116: \n_ _ _ _ _ _ _ _ _ _ _ _ _ _ _ _ _ _ _ _ _ _ _ _ _ _ _ _ _ _ _ _ _ _ _ _ _ _ _ _ \npages/projects_page.py:127: in get_projects_number_in_page\n    projects = self._wait.until(\n_ _ _ _ _ _ _ _ _ _ _ _ _ _ _ _ _ _ _ _ _ _ _ _ _ _ _ _ _ _ _ _ _ _ _ _ _ _ _ _ \n\nself = <selenium.webdriver.support.wait.WebDriverWait (session=\"3b8272fadb1eae3cd1ec65d349634b38\")>\nmethod = <selenium.webdriver.support.expected_conditions.visibility_of_all_elements_located object at 0x7f8db20318e0>\nmessage = ''\n\n    def until(self, method, message=''):\n        \"\"\"Calls the method provided with the driver as an argument until the \\\n        return value is not False.\"\"\"\n        screen = None\n        stacktrace = None\n    \n        end_time = time.time() + self._timeout\n        while True:\n            try:\n                value = method(self._driver)\n                if value:\n                    return value\n            except self._ignored_exceptions as exc:\n                screen = getattr(exc, 'screen', None)\n                stacktrace = getattr(exc, 'stacktrace', None)\n            time.sleep(self._poll)\n            if time.time() > end_time:\n                break\n>       raise TimeoutException(message, screen, stacktrace)\nE       selenium.common.exceptions.TimeoutException: Message:\n\n/opt/hostedtoolcache/Python/3.9.0/x64/lib/python3.9/site-packages/selenium/webdriver/support/wait.py:80: TimeoutException",
  "flaky" : false,
  "newFailed" : false,
  "beforeStages" : [ {
    "name" : "pages",
    "time" : {
      "start" : 1604826077395,
      "stop" : 1604826077395,
      "duration" : 0
    },
    "status" : "passed",
    "steps" : [ ],
    "attachments" : [ ],
    "parameters" : [ ],
    "stepsCount" : 0,
    "attachmentsCount" : 0,
    "shouldDisplayMessage" : false,
    "hasContent" : false
  }, {
    "name" : "create_driver",
    "time" : {
      "start" : 1604826074788,
      "stop" : 1604826077395,
      "duration" : 2607
    },
    "status" : "passed",
    "steps" : [ ],
    "attachments" : [ ],
    "parameters" : [ ],
    "stepsCount" : 0,
    "attachmentsCount" : 0,
    "shouldDisplayMessage" : false,
    "hasContent" : false
  }, {
    "name" : "injector",
    "time" : {
      "start" : 1604826077395,
      "stop" : 1604826077395,
      "duration" : 0
    },
    "status" : "passed",
    "steps" : [ ],
    "attachments" : [ ],
    "parameters" : [ ],
    "stepsCount" : 0,
    "attachmentsCount" : 0,
    "shouldDisplayMessage" : false,
    "hasContent" : false
  }, {
    "name" : "prep_properties",
    "time" : {
      "start" : 1604825917944,
      "stop" : 1604825917944,
      "duration" : 0
    },
    "status" : "passed",
    "steps" : [ ],
    "attachments" : [ ],
    "parameters" : [ ],
    "stepsCount" : 0,
    "attachmentsCount" : 0,
    "shouldDisplayMessage" : false,
    "hasContent" : false
  } ],
  "testStage" : {
    "description" : "Deleting an existing project from workspace",
    "status" : "broken",
    "statusMessage" : "selenium.common.exceptions.TimeoutException: Message:",
    "statusTrace" : "self = <tests.test_workspaces.TestWorkspaces object at 0x7f8db27637f0>\n\n    @allure.description(\"Deleting an existing project from workspace\")\n    @allure.title(\"Delete existing project\")\n    @pytest.mark.run(order=9)\n    def test_delete_project(self):\n        login(self.config_reader, self.pages)\n>       before = self.pages['projects_page'].get_projects_number_in_page()\n\ntests/test_workspaces.py:116: \n_ _ _ _ _ _ _ _ _ _ _ _ _ _ _ _ _ _ _ _ _ _ _ _ _ _ _ _ _ _ _ _ _ _ _ _ _ _ _ _ \npages/projects_page.py:127: in get_projects_number_in_page\n    projects = self._wait.until(\n_ _ _ _ _ _ _ _ _ _ _ _ _ _ _ _ _ _ _ _ _ _ _ _ _ _ _ _ _ _ _ _ _ _ _ _ _ _ _ _ \n\nself = <selenium.webdriver.support.wait.WebDriverWait (session=\"3b8272fadb1eae3cd1ec65d349634b38\")>\nmethod = <selenium.webdriver.support.expected_conditions.visibility_of_all_elements_located object at 0x7f8db20318e0>\nmessage = ''\n\n    def until(self, method, message=''):\n        \"\"\"Calls the method provided with the driver as an argument until the \\\n        return value is not False.\"\"\"\n        screen = None\n        stacktrace = None\n    \n        end_time = time.time() + self._timeout\n        while True:\n            try:\n                value = method(self._driver)\n                if value:\n                    return value\n            except self._ignored_exceptions as exc:\n                screen = getattr(exc, 'screen', None)\n                stacktrace = getattr(exc, 'stacktrace', None)\n            time.sleep(self._poll)\n            if time.time() > end_time:\n                break\n>       raise TimeoutException(message, screen, stacktrace)\nE       selenium.common.exceptions.TimeoutException: Message:\n\n/opt/hostedtoolcache/Python/3.9.0/x64/lib/python3.9/site-packages/selenium/webdriver/support/wait.py:80: TimeoutException",
    "steps" : [ {
      "name" : "Click Login link",
      "time" : {
        "start" : 1604826077396,
        "stop" : 1604826077921,
        "duration" : 525
      },
      "status" : "passed",
      "steps" : [ ],
      "attachments" : [ ],
      "parameters" : [ ],
      "stepsCount" : 0,
      "attachmentsCount" : 0,
      "shouldDisplayMessage" : false,
      "hasContent" : false
    }, {
      "name" : "Log in with username: 'elias123@gmail.com' and password: 'El123456789'",
      "time" : {
        "start" : 1604826077921,
        "stop" : 1604826082090,
        "duration" : 4169
      },
      "status" : "passed",
      "steps" : [ ],
      "attachments" : [ ],
      "parameters" : [ {
        "name" : "username",
        "value" : "'elias123@gmail.com'"
      }, {
        "name" : "password",
        "value" : "'El123456789'"
      } ],
      "stepsCount" : 0,
      "attachmentsCount" : 0,
      "shouldDisplayMessage" : false,
      "hasContent" : true
    }, {
      "name" : "Get number of projects display on page",
      "time" : {
        "start" : 1604826082090,
        "stop" : 1604826093169,
        "duration" : 11079
      },
      "status" : "broken",
      "statusMessage" : "selenium.common.exceptions.TimeoutException: Message: \n\n",
      "statusTrace" : "  File \"/opt/hostedtoolcache/Python/3.9.0/x64/lib/python3.9/site-packages/allure_commons/_allure.py\", line 157, in impl\n    return func(*a, **kw)\n  File \"/home/runner/work/Selenium-Python-Example/Selenium-Python-Example/pages/projects_page.py\", line 127, in get_projects_number_in_page\n    projects = self._wait.until(\n  File \"/opt/hostedtoolcache/Python/3.9.0/x64/lib/python3.9/site-packages/selenium/webdriver/support/wait.py\", line 80, in until\n    raise TimeoutException(message, screen, stacktrace)\n",
      "steps" : [ ],
      "attachments" : [ ],
      "parameters" : [ ],
      "stepsCount" : 0,
      "attachmentsCount" : 0,
      "shouldDisplayMessage" : true,
      "hasContent" : true
    } ],
    "attachments" : [ {
      "uid" : "2b9d9c488fe91f9e",
      "name" : "screenshot on failure: 08/11/2020, 09:01:33",
      "source" : "2b9d9c488fe91f9e.png",
      "type" : "image/png",
      "size" : 75993
    } ],
    "parameters" : [ ],
    "stepsCount" : 3,
    "attachmentsCount" : 1,
    "shouldDisplayMessage" : true,
    "hasContent" : true
  },
  "afterStages" : [ {
    "name" : "create_driver::0",
    "time" : {
      "start" : 1604826093452,
      "stop" : 1604826093506,
      "duration" : 54
    },
    "status" : "passed",
    "steps" : [ ],
    "attachments" : [ ],
    "parameters" : [ ],
    "stepsCount" : 0,
    "attachmentsCount" : 0,
    "shouldDisplayMessage" : false,
    "hasContent" : false
  } ],
  "labels" : [ {
    "name" : "epic",
    "value" : "Workspaces"
  }, {
    "name" : "story",
    "value" : "WorkSpaces Creation and Editing Functionality"
  }, {
    "name" : "severity",
    "value" : "normal"
  }, {
    "name" : "tag",
    "value" : "run(order=9)"
  }, {
    "name" : "parentSuite",
    "value" : "tests"
  }, {
    "name" : "suite",
    "value" : "test_workspaces"
  }, {
    "name" : "subSuite",
    "value" : "TestWorkspaces"
  }, {
    "name" : "host",
    "value" : "fv-az40-174"
  }, {
    "name" : "thread",
    "value" : "4852-MainThread"
  }, {
    "name" : "framework",
    "value" : "pytest"
  }, {
    "name" : "language",
    "value" : "cpython3"
  }, {
    "name" : "package",
    "value" : "tests.test_workspaces"
  }, {
    "name" : "resultFormat",
    "value" : "allure2"
  } ],
  "parameters" : [ ],
  "links" : [ ],
  "hidden" : false,
  "retry" : false,
  "extra" : {
    "severity" : "normal",
    "retries" : [ ],
    "categories" : [ {
      "name" : "Test defects",
      "matchedStatuses" : [ ],
      "flaky" : false
    } ],
    "tags" : [ "run(order=9)" ]
  },
  "source" : "a2b586dae0395817.json",
  "parameterValues" : [ ]
}