{
  "uid" : "de3871992acf222a",
  "name" : "Search for an existing project test",
  "fullName" : "tests.test_workspaces.TestWorkspaces#test_search_project",
  "historyId" : "7721eab640df221dfbcb45b0cd0d7b59",
  "time" : {
    "start" : 1604697726819,
    "stop" : 1604697741865,
    "duration" : 15046
  },
  "description" : "Search for an existing project",
  "descriptionHtml" : "<p>Search for an existing project</p>\n",
  "status" : "broken",
  "statusMessage" : "selenium.common.exceptions.TimeoutException: Message:",
  "statusTrace" : "self = <tests.test_workspaces.TestWorkspaces object at 0x7efc0dbd2130>\ncreate_driver = <selenium.webdriver.remote.webdriver.WebDriver (session=\"451a77582ac28853ef84bab9c70355cd\")>\nprep_properties = <utils.config_parser.ConfigParserIni object at 0x7efc10a2ab20>\n\n    @allure.description(\"Search for an existing project\")\n    @allure.title(\"Search for an existing project test\")\n    @pytest.mark.run(order=6)\n    def test_search_project(self, create_driver, prep_properties):\n        login(prep_properties)\n        projects_page = ProjectsPage()\n        json_reader = JsonParser(self._DATA_FILE_NAME)\n        projects_page.search_project(json_reader.read_from_json()[\"project_name\"])\n>       assert_that(projects_page.is_project_found(json_reader.read_from_json()[\"project_name\"])).is_true()\n\ntests/test_workspaces.py:105: \n_ _ _ _ _ _ _ _ _ _ _ _ _ _ _ _ _ _ _ _ _ _ _ _ _ _ _ _ _ _ _ _ _ _ _ _ _ _ _ _ \npages/projects_page.py:157: in is_project_found\n    projects_titles = self._wait.until(\n_ _ _ _ _ _ _ _ _ _ _ _ _ _ _ _ _ _ _ _ _ _ _ _ _ _ _ _ _ _ _ _ _ _ _ _ _ _ _ _ \n\nself = <selenium.webdriver.support.wait.WebDriverWait (session=\"451a77582ac28853ef84bab9c70355cd\")>\nmethod = <selenium.webdriver.support.expected_conditions.visibility_of_all_elements_located object at 0x7efc0dbb5220>\nmessage = ''\n\n    def until(self, method, message=''):\n        \"\"\"Calls the method provided with the driver as an argument until the \\\n        return value is not False.\"\"\"\n        screen = None\n        stacktrace = None\n    \n        end_time = time.time() + self._timeout\n        while True:\n            try:\n                value = method(self._driver)\n                if value:\n                    return value\n            except self._ignored_exceptions as exc:\n                screen = getattr(exc, 'screen', None)\n                stacktrace = getattr(exc, 'stacktrace', None)\n            time.sleep(self._poll)\n            if time.time() > end_time:\n                break\n>       raise TimeoutException(message, screen, stacktrace)\nE       selenium.common.exceptions.TimeoutException: Message:\n\n/opt/hostedtoolcache/Python/3.9.0/x64/lib/python3.9/site-packages/selenium/webdriver/support/wait.py:80: TimeoutException",
  "flaky" : false,
  "newFailed" : false,
  "beforeStages" : [ {
    "name" : "prep_properties",
    "time" : {
      "start" : 1604697609017,
      "stop" : 1604697609017,
      "duration" : 0
    },
    "status" : "passed",
    "steps" : [ ],
    "attachments" : [ ],
    "parameters" : [ ],
    "stepsCount" : 0,
    "attachmentsCount" : 0,
    "shouldDisplayMessage" : false,
    "hasContent" : false
  }, {
    "name" : "create_driver",
    "time" : {
      "start" : 1604697723492,
      "stop" : 1604697726819,
      "duration" : 3327
    },
    "status" : "passed",
    "steps" : [ ],
    "attachments" : [ ],
    "parameters" : [ ],
    "stepsCount" : 0,
    "attachmentsCount" : 0,
    "shouldDisplayMessage" : false,
    "hasContent" : false
  } ],
  "testStage" : {
    "description" : "Search for an existing project",
    "status" : "broken",
    "statusMessage" : "selenium.common.exceptions.TimeoutException: Message:",
    "statusTrace" : "self = <tests.test_workspaces.TestWorkspaces object at 0x7efc0dbd2130>\ncreate_driver = <selenium.webdriver.remote.webdriver.WebDriver (session=\"451a77582ac28853ef84bab9c70355cd\")>\nprep_properties = <utils.config_parser.ConfigParserIni object at 0x7efc10a2ab20>\n\n    @allure.description(\"Search for an existing project\")\n    @allure.title(\"Search for an existing project test\")\n    @pytest.mark.run(order=6)\n    def test_search_project(self, create_driver, prep_properties):\n        login(prep_properties)\n        projects_page = ProjectsPage()\n        json_reader = JsonParser(self._DATA_FILE_NAME)\n        projects_page.search_project(json_reader.read_from_json()[\"project_name\"])\n>       assert_that(projects_page.is_project_found(json_reader.read_from_json()[\"project_name\"])).is_true()\n\ntests/test_workspaces.py:105: \n_ _ _ _ _ _ _ _ _ _ _ _ _ _ _ _ _ _ _ _ _ _ _ _ _ _ _ _ _ _ _ _ _ _ _ _ _ _ _ _ \npages/projects_page.py:157: in is_project_found\n    projects_titles = self._wait.until(\n_ _ _ _ _ _ _ _ _ _ _ _ _ _ _ _ _ _ _ _ _ _ _ _ _ _ _ _ _ _ _ _ _ _ _ _ _ _ _ _ \n\nself = <selenium.webdriver.support.wait.WebDriverWait (session=\"451a77582ac28853ef84bab9c70355cd\")>\nmethod = <selenium.webdriver.support.expected_conditions.visibility_of_all_elements_located object at 0x7efc0dbb5220>\nmessage = ''\n\n    def until(self, method, message=''):\n        \"\"\"Calls the method provided with the driver as an argument until the \\\n        return value is not False.\"\"\"\n        screen = None\n        stacktrace = None\n    \n        end_time = time.time() + self._timeout\n        while True:\n            try:\n                value = method(self._driver)\n                if value:\n                    return value\n            except self._ignored_exceptions as exc:\n                screen = getattr(exc, 'screen', None)\n                stacktrace = getattr(exc, 'stacktrace', None)\n            time.sleep(self._poll)\n            if time.time() > end_time:\n                break\n>       raise TimeoutException(message, screen, stacktrace)\nE       selenium.common.exceptions.TimeoutException: Message:\n\n/opt/hostedtoolcache/Python/3.9.0/x64/lib/python3.9/site-packages/selenium/webdriver/support/wait.py:80: TimeoutException",
    "steps" : [ {
      "name" : "Click Login link",
      "time" : {
        "start" : 1604697726820,
        "stop" : 1604697727495,
        "duration" : 675
      },
      "status" : "passed",
      "steps" : [ ],
      "attachments" : [ ],
      "parameters" : [ ],
      "stepsCount" : 0,
      "attachmentsCount" : 0,
      "shouldDisplayMessage" : false,
      "hasContent" : false
    }, {
      "name" : "Log in with username: 'eshorrosh@gmail.com' and password: 'El123456789'",
      "time" : {
        "start" : 1604697727495,
        "stop" : 1604697730312,
        "duration" : 2817
      },
      "status" : "passed",
      "steps" : [ ],
      "attachments" : [ ],
      "parameters" : [ {
        "name" : "username",
        "value" : "'eshorrosh@gmail.com'"
      }, {
        "name" : "password",
        "value" : "'El123456789'"
      } ],
      "stepsCount" : 0,
      "attachmentsCount" : 0,
      "shouldDisplayMessage" : false,
      "hasContent" : true
    }, {
      "name" : "Search for project 'test project'",
      "time" : {
        "start" : 1604697730312,
        "stop" : 1604697730781,
        "duration" : 469
      },
      "status" : "passed",
      "steps" : [ ],
      "attachments" : [ ],
      "parameters" : [ {
        "name" : "project_name",
        "value" : "'test project'"
      } ],
      "stepsCount" : 0,
      "attachmentsCount" : 0,
      "shouldDisplayMessage" : false,
      "hasContent" : true
    }, {
      "name" : "Check if 'test project' is present",
      "time" : {
        "start" : 1604697730781,
        "stop" : 1604697741865,
        "duration" : 11084
      },
      "status" : "broken",
      "statusMessage" : "selenium.common.exceptions.TimeoutException: Message: \n\n",
      "statusTrace" : "  File \"/opt/hostedtoolcache/Python/3.9.0/x64/lib/python3.9/site-packages/allure_commons/_allure.py\", line 157, in impl\n    return func(*a, **kw)\n  File \"/home/runner/work/Selenium-Python-Example/Selenium-Python-Example/pages/projects_page.py\", line 157, in is_project_found\n    projects_titles = self._wait.until(\n  File \"/opt/hostedtoolcache/Python/3.9.0/x64/lib/python3.9/site-packages/selenium/webdriver/support/wait.py\", line 80, in until\n    raise TimeoutException(message, screen, stacktrace)\n",
      "steps" : [ ],
      "attachments" : [ ],
      "parameters" : [ {
        "name" : "project_name",
        "value" : "'test project'"
      } ],
      "stepsCount" : 0,
      "attachmentsCount" : 0,
      "shouldDisplayMessage" : true,
      "hasContent" : true
    } ],
    "attachments" : [ {
      "uid" : "3974888fee5b9930",
      "name" : "screenshot on failure: 06/11/2020, 21:22:21",
      "source" : "3974888fee5b9930.png",
      "type" : "image/png",
      "size" : 78682
    } ],
    "parameters" : [ ],
    "stepsCount" : 4,
    "attachmentsCount" : 1,
    "shouldDisplayMessage" : true,
    "hasContent" : true
  },
  "afterStages" : [ {
    "name" : "create_driver::0",
    "time" : {
      "start" : 1604697742239,
      "stop" : 1604697742291,
      "duration" : 52
    },
    "status" : "passed",
    "steps" : [ ],
    "attachments" : [ ],
    "parameters" : [ ],
    "stepsCount" : 0,
    "attachmentsCount" : 0,
    "shouldDisplayMessage" : false,
    "hasContent" : false
  } ],
  "labels" : [ {
    "name" : "story",
    "value" : "WorkSpaces Creation and Editing Functionality"
  }, {
    "name" : "epic",
    "value" : "Workspaces"
  }, {
    "name" : "severity",
    "value" : "normal"
  }, {
    "name" : "tag",
    "value" : "run(order=6)"
  }, {
    "name" : "parentSuite",
    "value" : "tests"
  }, {
    "name" : "suite",
    "value" : "test_workspaces"
  }, {
    "name" : "subSuite",
    "value" : "TestWorkspaces"
  }, {
    "name" : "host",
    "value" : "fv-az92-175"
  }, {
    "name" : "thread",
    "value" : "4625-MainThread"
  }, {
    "name" : "framework",
    "value" : "pytest"
  }, {
    "name" : "language",
    "value" : "cpython3"
  }, {
    "name" : "package",
    "value" : "tests.test_workspaces"
  }, {
    "name" : "resultFormat",
    "value" : "allure2"
  } ],
  "parameters" : [ ],
  "links" : [ ],
  "hidden" : false,
  "retry" : false,
  "extra" : {
    "severity" : "normal",
    "retries" : [ ],
    "categories" : [ {
      "name" : "Test defects",
      "matchedStatuses" : [ ],
      "flaky" : false
    } ],
    "tags" : [ "run(order=6)" ]
  },
  "source" : "de3871992acf222a.json",
  "parameterValues" : [ ]
}