{
  "uid" : "c825319ba49de581",
  "name" : "test_cancel_project_deletion",
  "fullName" : "tests.test_workspaces.TestWorkspaces#test_cancel_project_deletion",
  "historyId" : "c106d6e58d8aebc970792dc5f0640d00",
  "time" : {
    "start" : 1604698215798,
    "stop" : 1604698230463,
    "duration" : 14665
  },
  "description" : "Cancel project deletion",
  "descriptionHtml" : "<p>Cancel project deletion</p>\n",
  "status" : "broken",
  "statusMessage" : "selenium.common.exceptions.TimeoutException: Message:",
  "statusTrace" : "self = <tests.test_workspaces.TestWorkspaces object at 0x7f7f69da3160>\ncreate_driver = <selenium.webdriver.remote.webdriver.WebDriver (session=\"9d4425001d86a96461e97ef8c166cbb0\")>\nprep_properties = <utils.config_parser.ConfigParserIni object at 0x7f7f6cc8bc70>\n\n    @allure.description(\"Cancel project deletion\")\n    @pytest.mark.run(order=8)\n    def test_cancel_project_deletion(self, create_driver, prep_properties):\n        login(prep_properties)\n        json_reader = JsonParser(self._DATA_FILE_NAME)\n        projects_page = ProjectsPage()\n        before = projects_page.get_projects_number_in_page()\n>       projects_page.delete_project(json_reader.read_from_json()[\"project_name\"], StatusEnum.CANCEL.value)\n\ntests/test_workspaces.py:118: \n_ _ _ _ _ _ _ _ _ _ _ _ _ _ _ _ _ _ _ _ _ _ _ _ _ _ _ _ _ _ _ _ _ _ _ _ _ _ _ _ \npages/projects_page.py:112: in delete_project\n    self.click(self._CANCEL_PROJECT_DELETION_BUTTON)\npages/base_page.py:18: in click\n    el = self._wait.until(expected_conditions.element_to_be_clickable(webelement))\n_ _ _ _ _ _ _ _ _ _ _ _ _ _ _ _ _ _ _ _ _ _ _ _ _ _ _ _ _ _ _ _ _ _ _ _ _ _ _ _ \n\nself = <selenium.webdriver.support.wait.WebDriverWait (session=\"9d4425001d86a96461e97ef8c166cbb0\")>\nmethod = <selenium.webdriver.support.expected_conditions.element_to_be_clickable object at 0x7f7f69df8820>\nmessage = ''\n\n    def until(self, method, message=''):\n        \"\"\"Calls the method provided with the driver as an argument until the \\\n        return value is not False.\"\"\"\n        screen = None\n        stacktrace = None\n    \n        end_time = time.time() + self._timeout\n        while True:\n            try:\n                value = method(self._driver)\n                if value:\n                    return value\n            except self._ignored_exceptions as exc:\n                screen = getattr(exc, 'screen', None)\n                stacktrace = getattr(exc, 'stacktrace', None)\n            time.sleep(self._poll)\n            if time.time() > end_time:\n                break\n>       raise TimeoutException(message, screen, stacktrace)\nE       selenium.common.exceptions.TimeoutException: Message:\n\n/opt/hostedtoolcache/Python/3.9.0/x64/lib/python3.9/site-packages/selenium/webdriver/support/wait.py:80: TimeoutException",
  "flaky" : false,
  "newFailed" : false,
  "beforeStages" : [ {
    "name" : "create_driver",
    "time" : {
      "start" : 1604698212837,
      "stop" : 1604698215797,
      "duration" : 2960
    },
    "status" : "passed",
    "steps" : [ ],
    "attachments" : [ ],
    "parameters" : [ ],
    "stepsCount" : 0,
    "attachmentsCount" : 0,
    "shouldDisplayMessage" : false,
    "hasContent" : false
  }, {
    "name" : "prep_properties",
    "time" : {
      "start" : 1604698070758,
      "stop" : 1604698070758,
      "duration" : 0
    },
    "status" : "passed",
    "steps" : [ ],
    "attachments" : [ ],
    "parameters" : [ ],
    "stepsCount" : 0,
    "attachmentsCount" : 0,
    "shouldDisplayMessage" : false,
    "hasContent" : false
  } ],
  "testStage" : {
    "description" : "Cancel project deletion",
    "status" : "broken",
    "statusMessage" : "selenium.common.exceptions.TimeoutException: Message:",
    "statusTrace" : "self = <tests.test_workspaces.TestWorkspaces object at 0x7f7f69da3160>\ncreate_driver = <selenium.webdriver.remote.webdriver.WebDriver (session=\"9d4425001d86a96461e97ef8c166cbb0\")>\nprep_properties = <utils.config_parser.ConfigParserIni object at 0x7f7f6cc8bc70>\n\n    @allure.description(\"Cancel project deletion\")\n    @pytest.mark.run(order=8)\n    def test_cancel_project_deletion(self, create_driver, prep_properties):\n        login(prep_properties)\n        json_reader = JsonParser(self._DATA_FILE_NAME)\n        projects_page = ProjectsPage()\n        before = projects_page.get_projects_number_in_page()\n>       projects_page.delete_project(json_reader.read_from_json()[\"project_name\"], StatusEnum.CANCEL.value)\n\ntests/test_workspaces.py:118: \n_ _ _ _ _ _ _ _ _ _ _ _ _ _ _ _ _ _ _ _ _ _ _ _ _ _ _ _ _ _ _ _ _ _ _ _ _ _ _ _ \npages/projects_page.py:112: in delete_project\n    self.click(self._CANCEL_PROJECT_DELETION_BUTTON)\npages/base_page.py:18: in click\n    el = self._wait.until(expected_conditions.element_to_be_clickable(webelement))\n_ _ _ _ _ _ _ _ _ _ _ _ _ _ _ _ _ _ _ _ _ _ _ _ _ _ _ _ _ _ _ _ _ _ _ _ _ _ _ _ \n\nself = <selenium.webdriver.support.wait.WebDriverWait (session=\"9d4425001d86a96461e97ef8c166cbb0\")>\nmethod = <selenium.webdriver.support.expected_conditions.element_to_be_clickable object at 0x7f7f69df8820>\nmessage = ''\n\n    def until(self, method, message=''):\n        \"\"\"Calls the method provided with the driver as an argument until the \\\n        return value is not False.\"\"\"\n        screen = None\n        stacktrace = None\n    \n        end_time = time.time() + self._timeout\n        while True:\n            try:\n                value = method(self._driver)\n                if value:\n                    return value\n            except self._ignored_exceptions as exc:\n                screen = getattr(exc, 'screen', None)\n                stacktrace = getattr(exc, 'stacktrace', None)\n            time.sleep(self._poll)\n            if time.time() > end_time:\n                break\n>       raise TimeoutException(message, screen, stacktrace)\nE       selenium.common.exceptions.TimeoutException: Message:\n\n/opt/hostedtoolcache/Python/3.9.0/x64/lib/python3.9/site-packages/selenium/webdriver/support/wait.py:80: TimeoutException",
    "steps" : [ {
      "name" : "Click Login link",
      "time" : {
        "start" : 1604698215798,
        "stop" : 1604698216416,
        "duration" : 618
      },
      "status" : "passed",
      "steps" : [ ],
      "attachments" : [ ],
      "parameters" : [ ],
      "stepsCount" : 0,
      "attachmentsCount" : 0,
      "shouldDisplayMessage" : false,
      "hasContent" : false
    }, {
      "name" : "Log in with username: 'eshorrosh@gmail.com' and password: 'El123456789'",
      "time" : {
        "start" : 1604698216416,
        "stop" : 1604698218919,
        "duration" : 2503
      },
      "status" : "passed",
      "steps" : [ ],
      "attachments" : [ ],
      "parameters" : [ {
        "name" : "username",
        "value" : "'eshorrosh@gmail.com'"
      }, {
        "name" : "password",
        "value" : "'El123456789'"
      } ],
      "stepsCount" : 0,
      "attachmentsCount" : 0,
      "shouldDisplayMessage" : false,
      "hasContent" : true
    }, {
      "name" : "Get number of projects display on page",
      "time" : {
        "start" : 1604698218919,
        "stop" : 1604698219104,
        "duration" : 185
      },
      "status" : "passed",
      "steps" : [ ],
      "attachments" : [ ],
      "parameters" : [ ],
      "stepsCount" : 0,
      "attachmentsCount" : 0,
      "shouldDisplayMessage" : false,
      "hasContent" : false
    }, {
      "name" : "Delete or cancel deletion of project 'test project'",
      "time" : {
        "start" : 1604698219105,
        "stop" : 1604698230462,
        "duration" : 11357
      },
      "status" : "broken",
      "statusMessage" : "selenium.common.exceptions.TimeoutException: Message: \n\n",
      "statusTrace" : "  File \"/opt/hostedtoolcache/Python/3.9.0/x64/lib/python3.9/site-packages/allure_commons/_allure.py\", line 157, in impl\n    return func(*a, **kw)\n  File \"/home/runner/work/Selenium-Python-Example/Selenium-Python-Example/pages/projects_page.py\", line 112, in delete_project\n    self.click(self._CANCEL_PROJECT_DELETION_BUTTON)\n  File \"/home/runner/work/Selenium-Python-Example/Selenium-Python-Example/pages/base_page.py\", line 18, in click\n    el = self._wait.until(expected_conditions.element_to_be_clickable(webelement))\n  File \"/opt/hostedtoolcache/Python/3.9.0/x64/lib/python3.9/site-packages/selenium/webdriver/support/wait.py\", line 80, in until\n    raise TimeoutException(message, screen, stacktrace)\n",
      "steps" : [ ],
      "attachments" : [ ],
      "parameters" : [ {
        "name" : "project_name",
        "value" : "'test project'"
      }, {
        "name" : "status",
        "value" : "'cancel'"
      } ],
      "stepsCount" : 0,
      "attachmentsCount" : 0,
      "shouldDisplayMessage" : true,
      "hasContent" : true
    } ],
    "attachments" : [ {
      "uid" : "3147e0be4e570fdb",
      "name" : "screenshot on failure: 06/11/2020, 21:30:30",
      "source" : "3147e0be4e570fdb.png",
      "type" : "image/png",
      "size" : 94557
    } ],
    "parameters" : [ ],
    "stepsCount" : 4,
    "attachmentsCount" : 1,
    "shouldDisplayMessage" : true,
    "hasContent" : true
  },
  "afterStages" : [ {
    "name" : "create_driver::0",
    "time" : {
      "start" : 1604698230802,
      "stop" : 1604698230855,
      "duration" : 53
    },
    "status" : "passed",
    "steps" : [ ],
    "attachments" : [ ],
    "parameters" : [ ],
    "stepsCount" : 0,
    "attachmentsCount" : 0,
    "shouldDisplayMessage" : false,
    "hasContent" : false
  } ],
  "labels" : [ {
    "name" : "story",
    "value" : "WorkSpaces Creation and Editing Functionality"
  }, {
    "name" : "epic",
    "value" : "Workspaces"
  }, {
    "name" : "severity",
    "value" : "normal"
  }, {
    "name" : "tag",
    "value" : "run(order=8)"
  }, {
    "name" : "parentSuite",
    "value" : "tests"
  }, {
    "name" : "suite",
    "value" : "test_workspaces"
  }, {
    "name" : "subSuite",
    "value" : "TestWorkspaces"
  }, {
    "name" : "host",
    "value" : "fv-az40-174"
  }, {
    "name" : "thread",
    "value" : "4632-MainThread"
  }, {
    "name" : "framework",
    "value" : "pytest"
  }, {
    "name" : "language",
    "value" : "cpython3"
  }, {
    "name" : "package",
    "value" : "tests.test_workspaces"
  }, {
    "name" : "resultFormat",
    "value" : "allure2"
  } ],
  "parameters" : [ ],
  "links" : [ ],
  "hidden" : false,
  "retry" : false,
  "extra" : {
    "severity" : "normal",
    "retries" : [ ],
    "categories" : [ {
      "name" : "Test defects",
      "matchedStatuses" : [ ],
      "flaky" : false
    } ],
    "tags" : [ "run(order=8)" ]
  },
  "source" : "c825319ba49de581.json",
  "parameterValues" : [ ]
}